Log file open, 10/28/17 21:07:15
LogWindows: Failed to load 'aqProf.dll' (GetLastError=126)
LogWindows: File 'aqProf.dll' does not exist
LogWindows: Failed to load 'VtuneApi.dll' (GetLastError=126)
LogWindows: File 'VtuneApi.dll' does not exist
LogWindows: Failed to load 'VtuneApi32e.dll' (GetLastError=126)
LogWindows: File 'VtuneApi32e.dll' does not exist
LogInit: Display: Running engine for game: Virtus_FPS
LogPlatformFile: Not using cached read wrapper
LogInit: Display: RandInit(-944028129) SRandInit(-944028129).
LogTaskGraph: Started task graph with 5 named threads and 14 total threads with 3 sets of task threads.
LogStats: Stats thread started at 0.902326
LogD3D11RHI: Aftermath initialized
LogPluginManager: Mounting plugin Paper2D
LogPluginManager: Mounting plugin LightPropagationVolume
LogPluginManager: Mounting plugin CodeLiteSourceCodeAccess
LogPluginManager: Mounting plugin GitSourceControl
LogPluginManager: Mounting plugin KDevelopSourceCodeAccess
LogPluginManager: Mounting plugin NullSourceCodeAccess
LogPluginManager: Mounting plugin PerforceSourceControl
LogPluginManager: Mounting plugin SubversionSourceControl
LogPluginManager: Mounting plugin UObjectPlugin
LogPluginManager: Mounting plugin VisualStudioSourceCodeAccess
LogPluginManager: Mounting plugin XCodeSourceCodeAccess
LogPluginManager: Mounting plugin AssetManagerEditor
LogPluginManager: Mounting plugin AudioCapture
LogPluginManager: Mounting plugin FacialAnimation
LogPluginManager: Mounting plugin GameplayTagsEditor
LogPluginManager: Mounting plugin MobileLauncherProfileWizard
LogPluginManager: Mounting plugin PluginBrowser
LogPluginManager: Mounting plugin SpeedTreeImporter
LogPluginManager: Mounting plugin AlembicImporter
LogPluginManager: Mounting plugin CharacterAI
LogPluginManager: Mounting plugin HTML5Networking
LogPluginManager: Mounting plugin AndroidMedia
LogPluginManager: Mounting plugin AvfMedia
LogPluginManager: Mounting plugin MediaPlayerEditor
LogPluginManager: Mounting plugin WmfMedia
LogPluginManager: Mounting plugin TcpMessaging
LogPluginManager: Mounting plugin UdpMessaging
LogPluginManager: Mounting plugin LevelSequenceEditor
LogPluginManager: Mounting plugin MatineeToLevelSequence
LogPluginManager: Mounting plugin OnlineSubsystemGooglePlay
LogPluginManager: Mounting plugin OnlineSubsystemIOS
LogPluginManager: Mounting plugin OnlineSubsystem
LogPluginManager: Mounting plugin OnlineSubsystemNull
LogPluginManager: Mounting plugin OnlineSubsystemUtils
LogPluginManager: Mounting plugin AndroidDeviceProfileSelector
LogPluginManager: Mounting plugin AndroidMoviePlayer
LogPluginManager: Mounting plugin AndroidPermission
LogPluginManager: Mounting plugin AppleMoviePlayer
LogPluginManager: Mounting plugin ArchVisCharacter
LogPluginManager: Mounting plugin CableComponent
LogPluginManager: Mounting plugin CustomMeshComponent
LogPluginManager: Mounting plugin ExampleDeviceProfileSelector
LogPluginManager: Mounting plugin GoogleCloudMessaging
LogPluginManager: Mounting plugin ImmediatePhysics
LogPluginManager: Mounting plugin IOSDeviceProfileSelector
LogPluginManager: Mounting plugin LinuxDeviceProfileSelector
LogPluginManager: Mounting plugin LocationServicesBPLibrary
LogPluginManager: Mounting plugin MobilePatchingUtils
LogPluginManager: Mounting plugin OculusVR
LogPluginManager: Mounting plugin PhysXVehicles
LogPluginManager: Mounting plugin ProceduralMeshComponent
LogPluginManager: Mounting plugin RuntimePhysXCooking
LogPluginManager: Mounting plugin SteamVR
LogPluginManager: Mounting plugin WindowsMoviePlayer
LogInit: Using libcurl 7.47.1
LogInit:  - built for x86_64-pc-win32
LogInit:  - supports SSL with OpenSSL/1.0.2g
LogInit:  - supports HTTP deflate (compression) using libz 1.2.8
LogInit:  - other features:
LogInit:      CURL_VERSION_SSL
LogInit:      CURL_VERSION_LIBZ
LogInit:      CURL_VERSION_IPV6
LogInit:      CURL_VERSION_ASYNCHDNS
LogInit:      CURL_VERSION_LARGEFILE
LogInit:      CURL_VERSION_IDN
LogInit:  CurlRequestOptions (configurable via config and command line):
LogInit:  - bVerifyPeer = false  - Libcurl will NOT verify peer certificate
LogInit:  - bUseHttpProxy = false  - Libcurl will NOT use HTTP proxy
LogInit:  - bDontReuseConnections = false  - Libcurl will reuse connections
LogInit:  - CertBundlePath = nullptr  - Libcurl will use whatever was configured at build time.
LogInit: Build: ++UE4+Release-4.17-CL-3658906
LogInit: Engine Version: 4.17.2-3658906+++UE4+Release-4.17
LogInit: Compatible Engine Version: 4.17.0-3573198+++UE4+Release-4.17
LogInit: Net CL: 3573198
LogDevObjectVersion: Number of dev versions registered: 16
LogDevObjectVersion:   Dev-Blueprints (B0D832E4-1F89-4F0D-ACCF-7EB736FD4AA2): 10
LogDevObjectVersion:   Dev-Build (E1C64328-A22C-4D53-A36C-8E866417BD8C): 0
LogDevObjectVersion:   Dev-Core (375EC13C-06E4-48FB-B500-84F0262A717E): 2
LogDevObjectVersion:   Dev-Editor (E4B068ED-F494-42E9-A231-DA0B2E46BB41): 20
LogDevObjectVersion:   Dev-Framework (CFFC743F-43B0-4480-9391-14DF171D2073): 28
LogDevObjectVersion:   Dev-Mobile (B02B49B5-BB20-44E9-A304-32B752E40360): 0
LogDevObjectVersion:   Dev-Networking (A4E4105C-59A1-49B5-A7C5-40C4547EDFEE): 0
LogDevObjectVersion:   Dev-Online (39C831C9-5AE6-47DC-9A44-9C173E1C8E7C): 0
LogDevObjectVersion:   Dev-Physics (78F01B33-EBEA-4F98-B9B4-84EACCB95AA2): 0
LogDevObjectVersion:   Dev-Platform (6631380F-2D4D-43E0-8009-CF276956A95A): 0
LogDevObjectVersion:   Dev-Rendering (12F88B9F-8875-4AFC-A67C-D90C383ABD29): 19
LogDevObjectVersion:   Dev-Sequencer (7B5AE74C-D270-4C10-A958-57980B212A5A): 4
LogDevObjectVersion:   Dev-VR (D7296918-1DD6-4BDD-9DE2-64A83CC13884): 0
LogDevObjectVersion:   Dev-LoadTimes (C2A15278-BFE7-4AFE-6C17-90FF531DF755): 1
LogDevObjectVersion:   Private-Geometry (6EACA3D4-40EC-4CC1-B786-8BED09428FC5): 1
LogDevObjectVersion:   Dev-AnimPhys (29E575DD-E0A3-4627-9D10-D276232CDCEA): 7
LogInit: Compiled (64-bit): Sep 22 2017 13:47:16
LogInit: Compiled with Visual C++: 19.00.24215.01
LogInit: Build Configuration: Development
LogInit: Branch Name: ++UE4+Release-4.17
LogInit: Command line:  
LogInit: Base directory: C:/Program Files/Epic Games/UE_4.17/Engine/Binaries/Win64/
LogInit: Installed Engine Build: 1
LogInit: Presizing for max 8388607 objects, including 0 objects not considered by GC, pre-allocating 0 bytes for permanent pool.
LogInit: Object subsystem initialized
[2017.10.28-19.07.16:564][  0]LogInit: Selected Device Profile: [Windows]
[2017.10.28-19.07.16:564][  0]LogInit: Applying CVar settings loaded from the selected device profile: [Windows]
[2017.10.28-19.07.16:613][  0]LogInit: Computer: SEAN-PC
[2017.10.28-19.07.16:614][  0]LogInit: User: AMD
[2017.10.28-19.07.16:614][  0]LogInit: CPU Page size=4096, Cores=4
[2017.10.28-19.07.16:614][  0]LogInit: High frequency timer resolution =3.919475 MHz
[2017.10.28-19.07.16:614][  0]LogMemory: Memory total: Physical=7.9GB (8GB approx)
[2017.10.28-19.07.16:614][  0]LogMemory: Platform Memory Stats for Windows
[2017.10.28-19.07.16:614][  0]LogMemory: Process Physical Memory: 279.22 MB used, 279.22 MB peak
[2017.10.28-19.07.16:614][  0]LogMemory: Process Virtual Memory: 282.51 MB used, 282.51 MB peak
[2017.10.28-19.07.16:614][  0]LogMemory: Physical Memory: 4936.57 MB used,  3152.92 MB free, 8089.49 MB total
[2017.10.28-19.07.16:614][  0]LogMemory: Virtual Memory: 677.21 MB used,  3152.92 MB free, 134217728.00 MB total
[2017.10.28-19.07.17:232][  0]LogInit: Using OS detected language (en-US).
[2017.10.28-19.07.17:232][  0]LogInit: Using OS detected locale (en-US).
[2017.10.28-19.07.17:316][  0]LogTextLocalizationManager: No specific localization for 'en-US' exists, so the 'en' localization will be used.
[2017.10.28-19.07.20:951][  0]LogD3D11RHI: D3D11 adapters:
[2017.10.28-19.07.20:990][  0]LogD3D11RHI:    0. 'AMD Radeon R9 200 / HD 7900 Series' (Feature Level 11_0)
[2017.10.28-19.07.20:990][  0]LogD3D11RHI:       3053/0/4044 MB DedicatedVideo/DedicatedSystem/SharedSystem, Outputs:1, VendorId:0x1002
[2017.10.28-19.07.21:010][  0]LogD3D11RHI:    1. 'AMD Radeon R9 200 / HD 7900 Series' (Feature Level 11_0)
[2017.10.28-19.07.21:010][  0]LogD3D11RHI:       3053/0/4044 MB DedicatedVideo/DedicatedSystem/SharedSystem, Outputs:1, VendorId:0x1002
[2017.10.28-19.07.21:016][  0]LogD3D11RHI:    2. 'Microsoft Basic Render Driver' (Feature Level 11_0)
[2017.10.28-19.07.21:016][  0]LogD3D11RHI:       0/0/4044 MB DedicatedVideo/DedicatedSystem/SharedSystem, Outputs:0, VendorId:0x1414
[2017.10.28-19.07.21:016][  0]LogD3D11RHI: Chosen D3D11 Adapter: 0
[2017.10.28-19.07.21:026][  0]LogD3D11RHI: Creating new Direct3DDevice
[2017.10.28-19.07.21:027][  0]LogD3D11RHI:     GPU DeviceId: 0x6798 (for the marketing name, search the web for "GPU Device Id")
[2017.10.28-19.07.21:027][  0]LogWindows: EnumDisplayDevices:
[2017.10.28-19.07.21:027][  0]LogWindows:    0. 'AMD Radeon R9 200 / HD 7900 Series' (P:0 D:1)
[2017.10.28-19.07.21:027][  0]LogWindows:    1. 'AMD Radeon R9 200 / HD 7900 Series' (P:0 D:0)
[2017.10.28-19.07.21:028][  0]LogWindows:    2. 'AMD Radeon R9 200 / HD 7900 Series' (P:0 D:0)
[2017.10.28-19.07.21:028][  0]LogWindows:    3. 'AMD Radeon R9 200 / HD 7900 Series' (P:0 D:0)
[2017.10.28-19.07.21:028][  0]LogWindows:    4. 'AMD Radeon R9 200 / HD 7900 Series' (P:0 D:0)
[2017.10.28-19.07.21:029][  0]LogWindows:    5. 'AMD Radeon R9 200 / HD 7900 Series' (P:0 D:0)
[2017.10.28-19.07.21:029][  0]LogWindows:    6. 'AMD Radeon R9 200 / HD 7900 Series' (P:1 D:1)
[2017.10.28-19.07.21:029][  0]LogWindows:    7. 'AMD Radeon R9 200 / HD 7900 Series' (P:0 D:0)
[2017.10.28-19.07.21:030][  0]LogWindows:    8. 'AMD Radeon R9 200 / HD 7900 Series' (P:0 D:0)
[2017.10.28-19.07.21:030][  0]LogWindows:    9. 'AMD Radeon R9 200 / HD 7900 Series' (P:0 D:0)
[2017.10.28-19.07.21:030][  0]LogWindows:    10. 'AMD Radeon R9 200 / HD 7900 Series' (P:0 D:0)
[2017.10.28-19.07.21:031][  0]LogWindows:    11. 'AMD Radeon R9 200 / HD 7900 Series' (P:0 D:0)
[2017.10.28-19.07.21:031][  0]LogWindows: DebugString: FoundDriverCount:12 
[2017.10.28-19.07.21:031][  0]LogD3D11RHI:     Adapter Name: AMD Radeon R9 200 / HD 7900 Series
[2017.10.28-19.07.21:031][  0]LogD3D11RHI:   Driver Version: Crimson ReLive 17.1.1 (internal:22.19.162.4, unified:22.19.162.4)
[2017.10.28-19.07.21:031][  0]LogD3D11RHI:      Driver Date: 4-24-2017
[2017.10.28-19.07.21:031][  0]LogRHI: Texture pool is 1361 MB (70% of 1945 MB)
[2017.10.28-19.07.21:445][  0]LogD3D11RHI: Async texture creation enabled
[2017.10.28-19.07.21:493][  0]LogD3D11RHI: GPU Timing Frequency: 27.000000 (Debug: 2 1)
[2017.10.28-19.07.21:503][  0]LogShaderCompilers: Guid format shader working directory is 3 characters bigger than the processId version (D:/Unreal Projects/Virtus_FPS/Virtus_FPS/Intermediate/Shaders/WorkingDirectory/13152/).
[2017.10.28-19.07.21:504][  0]LogShaderCompilers: Cleaned the shader compiler working directory 'C:/Users/AMD/AppData/Local/Temp/UnrealShaderWorkingDir/133B6C44422C0A800D81DDB2C448E1B9/'.
[2017.10.28-19.07.21:504][  0]LogShaderCompilers: Display: Using Local Shader Compiler.
[2017.10.28-19.07.25:029][  0]LogTemp: Display: Loaded TP AllDesktopTargetPlatform
[2017.10.28-19.07.25:133][  0]LogTemp: Display: Loaded TP MacClientTargetPlatform
[2017.10.28-19.07.25:233][  0]LogTemp: Display: Loaded TP MacNoEditorTargetPlatform
[2017.10.28-19.07.25:322][  0]LogTemp: Display: Loaded TP MacServerTargetPlatform
[2017.10.28-19.07.25:423][  0]LogTemp: Display: Loaded TP MacTargetPlatform
[2017.10.28-19.07.25:520][  0]LogTemp: Display: Loaded TP WindowsClientTargetPlatform
[2017.10.28-19.07.25:620][  0]LogTemp: Display: Loaded TP WindowsNoEditorTargetPlatform
[2017.10.28-19.07.25:719][  0]LogTemp: Display: Loaded TP WindowsServerTargetPlatform
[2017.10.28-19.07.25:801][  0]LogTemp: Display: Loaded TP WindowsTargetPlatform
[2017.10.28-19.07.25:907][  0]LogTemp: Display: Loaded TP AndroidTargetPlatform
[2017.10.28-19.07.26:000][  0]LogTemp: Display: Loaded TP Android_ASTCTargetPlatform
[2017.10.28-19.07.26:088][  0]LogTemp: Display: Loaded TP Android_ATCTargetPlatform
[2017.10.28-19.07.26:179][  0]LogTemp: Display: Loaded TP Android_DXTTargetPlatform
[2017.10.28-19.07.26:270][  0]LogTemp: Display: Loaded TP Android_ETC1TargetPlatform
[2017.10.28-19.07.26:362][  0]LogTemp: Display: Loaded TP Android_ETC2TargetPlatform
[2017.10.28-19.07.26:549][  0]LogTemp: Display: Loaded TP Android_MultiTargetPlatform
[2017.10.28-19.07.26:549][  0]LogTemp: Display: Loaded TP Android_PVRTCTargetPlatform
[2017.10.28-19.07.26:628][  0]LogTemp: Display: Loaded TP HTML5TargetPlatform
[2017.10.28-19.07.26:796][  0]LogTemp: Display: Loaded TP IOSTargetPlatform
[2017.10.28-19.07.26:852][  0]LogTemp: Display: Loaded TP TVOSTargetPlatform
[2017.10.28-19.07.26:950][  0]LogTemp: Display: Loaded TP LinuxClientTargetPlatform
[2017.10.28-19.07.27:041][  0]LogTemp: Display: Loaded TP LinuxNoEditorTargetPlatform
[2017.10.28-19.07.27:135][  0]LogTemp: Display: Loaded TP LinuxServerTargetPlatform
[2017.10.28-19.07.27:227][  0]LogTemp: Display: Loaded TP LinuxTargetPlatform
[2017.10.28-19.07.27:227][  0]LogTargetPlatformManager: Display: Building Assets For Windows
[2017.10.28-19.07.28:310][  0]LogDerivedDataCache: Display: Max Cache Size: 512 MB
[2017.10.28-19.07.28:943][  0]LogDerivedDataCache: Loaded boot cache 0.63s 93MB C:/Users/AMD/AppData/Local/UnrealEngine/4.17/DerivedDataCache/Boot.ddc.
[2017.10.28-19.07.28:943][  0]LogDerivedDataCache: Display: Loaded Boot cache: C:/Users/AMD/AppData/Local/UnrealEngine/4.17/DerivedDataCache/Boot.ddc
[2017.10.28-19.07.28:943][  0]LogDerivedDataCache: FDerivedDataBackendGraph:  Pak pak cache file D:/Unreal Projects/Virtus_FPS/Virtus_FPS/DerivedDataCache/DDC.ddp not found, will not use a pak cache.
[2017.10.28-19.07.28:944][  0]LogDerivedDataCache: Unable to find inner node Pak for hierarchical cache Hierarchy.
[2017.10.28-19.07.28:944][  0]LogDerivedDataCache: FDerivedDataBackendGraph:  CompressedPak pak cache file D:/Unreal Projects/Virtus_FPS/Virtus_FPS/DerivedDataCache/Compressed.ddp not found, will not use a pak cache.
[2017.10.28-19.07.28:944][  0]LogDerivedDataCache: Unable to find inner node CompressedPak for hierarchical cache Hierarchy.
[2017.10.28-19.07.28:982][  0]LogDerivedDataCache: Display: Pak cache opened for reading ../../../Engine/DerivedDataCache/Compressed.ddp.
[2017.10.28-19.07.28:996][  0]LogDerivedDataCache: Using Local data cache path C:/Users/AMD/AppData/Local/UnrealEngine/Common/DerivedDataCache: Writable
[2017.10.28-19.07.29:021][  0]LogMaterial: Verifying Global Shaders for PCD3D_SM5
[2017.10.28-19.07.29:030][  0]LogSlate: Using Freetype 2.6.0
[2017.10.28-19.07.29:053][  0]LogSlate: SlateFontCache - WITH_FREETYPE: 1, WITH_HARFBUZZ: 1
[2017.10.28-19.07.29:053][  0]LogSlate: SlateFontCache - WITH_FREETYPE: 1, WITH_HARFBUZZ: 1
[2017.10.28-19.07.30:310][  0]LogAssetRegistry: FAssetRegistry took 0.0325 seconds to start up
[2017.10.28-19.07.30:561][  0]LogInit: Selected Device Profile: [Windows]
[2017.10.28-19.07.31:258][  0]LogContentStreaming: Texture pool size is 0.00 MB
[2017.10.28-19.07.31:872][  0]LogSimplygon: Simplygon DLL not present - disabling.
[2017.10.28-19.07.31:949][  0]LogMeshReduction: Using SimplygonSwarm for distributed automatic mesh merging
[2017.10.28-19.07.31:950][  0]LogMeshReduction: Using QuadricMeshReduction for automatic static mesh reduction
[2017.10.28-19.07.31:950][  0]LogMeshReduction: No automatic skeletal mesh reduction module available
[2017.10.28-19.07.31:950][  0]LogMeshReduction: No automatic mesh merging module available
[2017.10.28-19.07.31:950][  0]LogMeshMerging: No automatic mesh merging module available
[2017.10.28-19.07.33:175][  0]LogNetVersion: Virtus_FPS , NetCL: 3573198, EngineNetVer: 2, GameNetVer: 0 (Checksum: 88762100)
[2017.10.28-19.07.33:907][  0]LogPackageLocalizationCache: Processed 5 localized package path(s) for 2 prioritized culture(s) in 0.071975 seconds
[2017.10.28-19.07.33:915][  0]LogUObjectArray: 35825 objects as part of root set at end of initial load.
[2017.10.28-19.07.33:915][  0]LogUObjectAllocator: 7529112 out of 0 bytes used by permanent object pool.
[2017.10.28-19.07.33:915][  0]LogUObjectArray: CloseDisregardForGC: 0/0 objects in disregard for GC pool
[2017.10.28-19.07.34:037][  0]LogInit: WinSock: version 1.1 (2.2), MaxSocks=32767, MaxUdp=65467
[2017.10.28-19.07.41:816][  0]LogTcpMessaging: Initializing TcpMessaging bridge
[2017.10.28-19.07.41:889][  0]LogUdpMessaging: Initializing bridge on interface 0.0.0.0:0 to multicast group 230.0.0.1:6666.
[2017.10.28-19.07.43:243][  0]LogMaterial: Uniform references updated for custom material expression Custom.
[2017.10.28-19.07.44:151][  0]SourceControl: Source control is disabled
[2017.10.28-19.07.46:125][  0]LogAndroidPermission: UAndroidPermissionCallbackProxy::GetInstance
[2017.10.28-19.07.46:591][  0]LogOcInput: OculusInput pre-init called
[2017.10.28-19.07.47:148][  0]LogEngine: Initializing Engine...
[2017.10.28-19.07.47:155][  0]LogHMD: Failed to initialize OpenVR with code 110
[2017.10.28-19.07.47:850][  0]LogStats: UGameplayTagsManager::ConstructGameplayTagTree: Construct from data asset -  0.000 s
[2017.10.28-19.07.47:851][  0]LogStats: UGameplayTagsManager::ConstructGameplayTagTree: GameplayTagTreeChangedEvent.Broadcast -  0.000 s
[2017.10.28-19.07.48:180][  0]LogAIModule: Creating AISystem for world Untitled
[2017.10.28-19.07.48:256][  0]LogInit: XAudio2 using 'Speakers (Realtek High Definition Audio)' : 2 channels at 48 kHz using 32 bits per sample (channel mask 0x3)
[2017.10.28-19.07.48:284][  0]LogInit: FAudioDevice initialized.
[2017.10.28-19.07.48:455][  0]LogDerivedDataCache: Saved boot cache 0.17s 93MB C:/Users/AMD/AppData/Local/UnrealEngine/4.17/DerivedDataCache/Boot.ddc.
[2017.10.28-19.07.48:514][  0]LogInit: Texture streaming: Enabled
[2017.10.28-19.07.48:769][  0]LogEngineSessionManager: EngineSessionManager initialized
[2017.10.28-19.07.49:280][  0]LogInit: Transaction tracking system initialized
[2017.10.28-19.07.49:940][  0]BlueprintLog: New page: Editor Load
[2017.10.28-19.07.52:310][  0]LocalizationService: Localization service is disabled
[2017.10.28-19.07.53:887][  0]LogConsoleResponse: Display: 
[2017.10.28-19.07.54:569][  0]LogFileCache: Scanning file cache for directory 'D:/Unreal Projects/Virtus_FPS/Virtus_FPS/Content/' took 0.02s
[2017.10.28-19.07.54:569][  0]LogCook: Display: Max memory allowance for cook 16384mb min free memory 0mb
[2017.10.28-19.07.54:570][  0]LogCook: Display: Mobile HDR setting 1
[2017.10.28-19.07.54:572][  0]LogGameplayTags: Display: UGameplayTagsManager::DoneAddingNativeTags. DelegateIsBound: 0
[2017.10.28-19.07.56:845][  0]Cmd: MAP LOAD FILE="../../../Engine/Content/Maps/Templates/Template_Default.umap" TEMPLATE=1 SHOWPROGRESS=1 FEATURELEVEL=3
[2017.10.28-19.07.56:856][  0]LightingResults: New page: Lighting Build
[2017.10.28-19.07.56:950][  0]MapCheck: New page: Map Check
[2017.10.28-19.07.56:950][  0]LightingResults: New page: Lighting Build
[2017.10.28-19.07.57:487][  0]LogAIModule: Creating AISystem for world Untitled_1
[2017.10.28-19.07.57:532][  0]LogEditorServer: Finished looking for orphan Actors (0.000 secs)
[2017.10.28-19.07.57:579][  0]Cmd: MAP CHECKDEP NOCLEARLOG
[2017.10.28-19.07.57:675][  0]MapCheck: Map check complete: 0 Error(s), 0 Warning(s), took 95.782ms to complete.
[2017.10.28-19.07.57:675][  0]LogFileHelpers: Loading map 'Template_Default' took 0.832
[2017.10.28-19.07.58:135][  0]LogCollectionManager: Loaded 0 collections in 0.005992 seconds
[2017.10.28-19.07.58:314][  0]LogFileCache: Scanning file cache for directory 'D:/Unreal Projects/Virtus_FPS/Virtus_FPS/Saved/Collections/' took 0.01s
[2017.10.28-19.07.58:314][  0]LogFileCache: Scanning file cache for directory 'D:/Unreal Projects/Virtus_FPS/Virtus_FPS/Content/Developers/AMD/Collections/' took 0.01s
[2017.10.28-19.07.58:314][  0]LogFileCache: Scanning file cache for directory 'D:/Unreal Projects/Virtus_FPS/Virtus_FPS/Content/Collections/' took 0.01s
[2017.10.28-19.07.58:314][  0]LogCollectionManager: Rebuilt the GUID cache for 0 collections in 0.000000 seconds
[2017.10.28-19.07.58:333][  0]LogContentBrowser: Native class hierarchy populated in 0.0169 seconds. Added 2386 classes and 500 folders.
[2017.10.28-19.07.58:470][  0]LogContentBrowser: Native class hierarchy updated for 'WidgetCarousel' in 0.0009 seconds. Added 0 classes and 0 folders.
[2017.10.28-19.07.58:991][  0]LogContentBrowser: Native class hierarchy updated for 'AddContentDialog' in 0.0008 seconds. Added 0 classes and 0 folders.
[2017.10.28-19.07.59:079][  0]LogContentBrowser: Native class hierarchy updated for 'SceneOutliner' in 0.0008 seconds. Added 1 classes and 2 folders.
[2017.10.28-19.07.59:447][  0]LogContentBrowser: Native class hierarchy updated for 'HierarchicalLODOutliner' in 0.0010 seconds. Added 1 classes and 2 folders.
[2017.10.28-19.07.59:447][  0]LogLoad: (Engine Initialization) Total time: 47.65 seconds
[2017.10.28-19.07.59:447][  0]LogLoad: (Engine Initialization) Total Blueprint compile time: 0.00 seconds
[2017.10.28-19.07.59:449][  0]LogExternalProfiler: Found external profiler: VSPerf
[2017.10.28-19.07.59:449][  0]LogExternalProfiler: Using external profiler: VSPerf
[2017.10.28-19.07.59:834][  0]SourceControl: On branch master
[2017.10.28-19.07.59:834][  0]SourceControl: Your branch is up-to-date with 'origin/master'.
[2017.10.28-19.07.59:834][  0]SourceControl: Changes not staged for commit:
[2017.10.28-19.07.59:834][  0]SourceControl:   (use "git add/rm <file>..." to update what will be committed)
[2017.10.28-19.07.59:834][  0]SourceControl:   (use "git checkout -- <file>..." to discard changes in working directory)
[2017.10.28-19.07.59:834][  0]SourceControl: 	modified:   Virtus_FPS/Intermediate/CachedAssetRegistry.bin
[2017.10.28-19.07.59:834][  0]SourceControl: 	modified:   Virtus_FPS/Saved/AutoScreenshot.png
[2017.10.28-19.07.59:834][  0]SourceControl: 	modified:   Virtus_FPS/Saved/Autosaves/PackageRestoreData.json
[2017.10.28-19.07.59:834][  0]SourceControl: 	deleted:    Virtus_FPS/Saved/Config/CrashReportClient/UE4CC-Windows-AF6CFA334B48C401A84D518BC065B0E8/CrashReportClient.ini
[2017.10.28-19.07.59:834][  0]SourceControl: 	modified:   Virtus_FPS/Saved/Config/Windows/Editor.ini
[2017.10.28-19.07.59:834][  0]SourceControl: 	modified:   Virtus_FPS/Saved/Config/Windows/EditorPerProjectUserSettings.ini
[2017.10.28-19.07.59:834][  0]SourceControl: 	modified:   Virtus_FPS/Saved/Logs/Virtus_FPS.log
[2017.10.28-19.07.59:834][  0]SourceControl: Untracked files:
[2017.10.28-19.07.59:834][  0]SourceControl:   (use "git add <file>..." to include in what will be committed)
[2017.10.28-19.07.59:834][  0]SourceControl: 	Virtus_FPS/Saved/Config/CrashReportClient/UE4CC-Windows-6956F09E49F901D744CE8BBA731F76F8/
[2017.10.28-19.07.59:834][  0]SourceControl: 	Virtus_FPS/Saved/Logs/Virtus_FPS-backup-2017.10.28-21.07.15.log
[2017.10.28-19.07.59:834][  0]SourceControl: no changes added to commit (use "git add" and/or "git commit -a")
[2017.10.28-19.07.59:835][  0]LogContentStreaming: Texture pool size now 1000 MB
[2017.10.28-19.07.59:851][  0]LogSlate: Took 0.007905 seconds to synchronously load lazily loaded font '../../../Engine/Content/Slate/Fonts/Roboto-Regular.ttf' (155K)
[2017.10.28-19.07.59:860][  0]LogSlate: Took 0.006116 seconds to synchronously load lazily loaded font '../../../Engine/Content/Slate/Fonts/Roboto-Bold.ttf' (160K)
[2017.10.28-19.07.59:876][  0]LogSlate: Took 0.006878 seconds to synchronously load lazily loaded font '../../../Engine/Content/Editor/Slate/Fonts/FontAwesome.ttf' (139K)
[2017.10.28-19.08.00:174][  2]LogRenderer: Reallocating scene render targets to support 672x340 Format 10 NumSamples 1 (Frame:1).
[2017.10.28-19.08.00:471][  2]LogAssetRegistry: Asset discovery search completed in 30.1845 seconds
[2017.10.28-19.08.00:475][  2]LogCollectionManager: Rebuilt the object cache for 0 collections in 0.000001 seconds (found 0 objects)
[2017.10.28-19.08.00:475][  2]LogCollectionManager: Fixed up redirectors for 0 collections in 0.000057 seconds (updated 0 objects)
[2017.10.28-19.08.00:821][  3]LogSlate: Took 0.007425 seconds to synchronously load lazily loaded font '../../../Engine/Content/Slate/Fonts/Roboto-Light.ttf' (159K)
[2017.10.28-19.08.31:076][152]LogRenderer: Reallocating scene render targets to support 672x784 Format 10 NumSamples 1 (Frame:53).
[2017.10.28-19.08.37:311][169]LogSlate: Took 0.000249 seconds to synchronously load lazily loaded font '../../../Engine/Content/Slate/Fonts/Roboto-Light.ttf' (159K)
[2017.10.28-19.08.37:533][169]LogContentBrowser: Native class hierarchy updated for 'SkeletonEditor' in 0.0014 seconds. Added 1 classes and 2 folders.
[2017.10.28-19.08.37:807][169]LogSlate: Took 0.000267 seconds to synchronously load lazily loaded font '../../../Engine/Content/Slate/Fonts/Roboto-Regular.ttf' (155K)
[2017.10.28-19.08.37:880][169]LogActorComponent: RegisterComponentWithWorld: (/Engine/Transient.World_1:PersistentLevel.Actor_0.DebugSkelMeshComponent_0) Already registered. Aborting.
[2017.10.28-19.08.37:884][169]LogScript: Warning: Accessed None trying to read property Pawn
	BP_Anim_Soldier_C /Engine/Transient.World_1:PersistentLevel.Actor_0.DebugSkelMeshComponent_0.BP_Anim_Soldier_C_0
	Function /Game/Logic/BP_Anim_Soldier.BP_Anim_Soldier_C:ExecuteUbergraph_BP_Anim_Soldier:0330
[2017.10.28-19.08.37:884][169]LogScript: Warning: Accessed None trying to read property Pawn
	BP_Anim_Soldier_C /Engine/Transient.World_1:PersistentLevel.Actor_0.DebugSkelMeshComponent_0.BP_Anim_Soldier_C_0
	Function /Game/Logic/BP_Anim_Soldier.BP_Anim_Soldier_C:ExecuteUbergraph_BP_Anim_Soldier:0362
[2017.10.28-19.08.37:885][169]LogScript: Warning: Accessed None trying to read property Pawn
	BP_Anim_Soldier_C /Engine/Transient.World_1:PersistentLevel.Actor_0.DebugSkelMeshComponent_0.BP_Anim_Soldier_C_0
	Function /Game/Logic/BP_Anim_Soldier.BP_Anim_Soldier_C:ExecuteUbergraph_BP_Anim_Soldier:03C8
[2017.10.28-19.08.37:885][169]LogScript: Warning: Accessed None trying to read property Pawn
	BP_Anim_Soldier_C /Engine/Transient.World_1:PersistentLevel.Actor_0.DebugSkelMeshComponent_0.BP_Anim_Soldier_C_0
	Function /Game/Logic/BP_Anim_Soldier.BP_Anim_Soldier_C:ExecuteUbergraph_BP_Anim_Soldier:0495
[2017.10.28-19.08.37:885][169]LogScript: Warning: Accessed None trying to read property BP_Char_Soldier
	BP_Anim_Soldier_C /Engine/Transient.World_1:PersistentLevel.Actor_0.DebugSkelMeshComponent_0.BP_Anim_Soldier_C_0
	Function /Game/Logic/BP_Anim_Soldier.BP_Anim_Soldier_C:ExecuteUbergraph_BP_Anim_Soldier:0506
[2017.10.28-19.08.37:885][169]LogScript: Warning: Accessed None trying to read property BP_Char_Soldier
	BP_Anim_Soldier_C /Engine/Transient.World_1:PersistentLevel.Actor_0.DebugSkelMeshComponent_0.BP_Anim_Soldier_C_0
	Function /Game/Logic/BP_Anim_Soldier.BP_Anim_Soldier_C:ExecuteUbergraph_BP_Anim_Soldier:056B
[2017.10.28-19.08.37:885][169]LogScript: Warning: Accessed None trying to read property BP_Char_Soldier
	BP_Anim_Soldier_C /Engine/Transient.World_1:PersistentLevel.Actor_0.DebugSkelMeshComponent_0.BP_Anim_Soldier_C_0
	Function /Game/Logic/BP_Anim_Soldier.BP_Anim_Soldier_C:ExecuteUbergraph_BP_Anim_Soldier:059D
[2017.10.28-19.08.37:886][169]LogScript: Warning: Accessed None trying to read property BP_Char_Soldier
	BP_Anim_Soldier_C /Engine/Transient.World_1:PersistentLevel.Actor_0.DebugSkelMeshComponent_0.BP_Anim_Soldier_C_0
	Function /Game/Logic/BP_Anim_Soldier.BP_Anim_Soldier_C:ExecuteUbergraph_BP_Anim_Soldier:06E6
[2017.10.28-19.08.37:886][169]LogScript: Warning: Accessed None trying to read property BP_Char_Soldier
	BP_Anim_Soldier_C /Engine/Transient.World_1:PersistentLevel.Actor_0.DebugSkelMeshComponent_0.BP_Anim_Soldier_C_0
	Function /Game/Logic/BP_Anim_Soldier.BP_Anim_Soldier_C:ExecuteUbergraph_BP_Anim_Soldier:0718
[2017.10.28-19.08.37:886][169]LogScript: Warning: Accessed None trying to read property MovementComponent
	BP_Anim_Soldier_C /Engine/Transient.World_1:PersistentLevel.Actor_0.DebugSkelMeshComponent_0.BP_Anim_Soldier_C_0
	Function /Game/Logic/BP_Anim_Soldier.BP_Anim_Soldier_C:ExecuteUbergraph_BP_Anim_Soldier:0826
[2017.10.28-19.08.38:624][169]LogContentBrowser: Native class hierarchy updated for 'BlueprintGraph' in 0.0014 seconds. Added 113 classes and 0 folders.
[2017.10.28-19.08.39:703][169]LogSkeletalMesh: USkeletalMeshComponent::InitArticulated : Bodies already created (/Engine/Transient.World_1:PersistentLevel.Actor_0.DebugSkelMeshComponent_0) - call TermArticulated first.
[2017.10.28-19.08.40:216][169]LogScript: Warning: Accessed None trying to read property Pawn
	BP_Anim_Soldier_C /Engine/Transient.World_5:PersistentLevel.SkeletalMeshActor_1.SkeletalMeshComponent0.BP_Anim_Soldier_C_2
	Function /Game/Logic/BP_Anim_Soldier.BP_Anim_Soldier_C:ExecuteUbergraph_BP_Anim_Soldier:0330
[2017.10.28-19.08.40:217][169]LogScript: Warning: Accessed None trying to read property Pawn
	BP_Anim_Soldier_C /Engine/Transient.World_5:PersistentLevel.SkeletalMeshActor_1.SkeletalMeshComponent0.BP_Anim_Soldier_C_2
	Function /Game/Logic/BP_Anim_Soldier.BP_Anim_Soldier_C:ExecuteUbergraph_BP_Anim_Soldier:0362
[2017.10.28-19.08.40:217][169]LogScript: Warning: Accessed None trying to read property Pawn
	BP_Anim_Soldier_C /Engine/Transient.World_5:PersistentLevel.SkeletalMeshActor_1.SkeletalMeshComponent0.BP_Anim_Soldier_C_2
	Function /Game/Logic/BP_Anim_Soldier.BP_Anim_Soldier_C:ExecuteUbergraph_BP_Anim_Soldier:03C8
[2017.10.28-19.08.40:217][169]LogScript: Warning: Accessed None trying to read property Pawn
	BP_Anim_Soldier_C /Engine/Transient.World_5:PersistentLevel.SkeletalMeshActor_1.SkeletalMeshComponent0.BP_Anim_Soldier_C_2
	Function /Game/Logic/BP_Anim_Soldier.BP_Anim_Soldier_C:ExecuteUbergraph_BP_Anim_Soldier:0495
[2017.10.28-19.08.40:217][169]LogScript: Warning: Accessed None trying to read property BP_Char_Soldier
	BP_Anim_Soldier_C /Engine/Transient.World_5:PersistentLevel.SkeletalMeshActor_1.SkeletalMeshComponent0.BP_Anim_Soldier_C_2
	Function /Game/Logic/BP_Anim_Soldier.BP_Anim_Soldier_C:ExecuteUbergraph_BP_Anim_Soldier:0506
[2017.10.28-19.08.40:217][169]LogScript: Warning: Accessed None trying to read property BP_Char_Soldier
	BP_Anim_Soldier_C /Engine/Transient.World_5:PersistentLevel.SkeletalMeshActor_1.SkeletalMeshComponent0.BP_Anim_Soldier_C_2
	Function /Game/Logic/BP_Anim_Soldier.BP_Anim_Soldier_C:ExecuteUbergraph_BP_Anim_Soldier:056B
[2017.10.28-19.08.40:217][169]LogScript: Warning: Accessed None trying to read property BP_Char_Soldier
	BP_Anim_Soldier_C /Engine/Transient.World_5:PersistentLevel.SkeletalMeshActor_1.SkeletalMeshComponent0.BP_Anim_Soldier_C_2
	Function /Game/Logic/BP_Anim_Soldier.BP_Anim_Soldier_C:ExecuteUbergraph_BP_Anim_Soldier:059D
[2017.10.28-19.08.40:217][169]LogScript: Warning: Accessed None trying to read property BP_Char_Soldier
	BP_Anim_Soldier_C /Engine/Transient.World_5:PersistentLevel.SkeletalMeshActor_1.SkeletalMeshComponent0.BP_Anim_Soldier_C_2
	Function /Game/Logic/BP_Anim_Soldier.BP_Anim_Soldier_C:ExecuteUbergraph_BP_Anim_Soldier:06E6
[2017.10.28-19.08.40:217][169]LogScript: Warning: Accessed None trying to read property BP_Char_Soldier
	BP_Anim_Soldier_C /Engine/Transient.World_5:PersistentLevel.SkeletalMeshActor_1.SkeletalMeshComponent0.BP_Anim_Soldier_C_2
	Function /Game/Logic/BP_Anim_Soldier.BP_Anim_Soldier_C:ExecuteUbergraph_BP_Anim_Soldier:0718
[2017.10.28-19.08.40:217][169]LogScript: Warning: Accessed None trying to read property MovementComponent
	BP_Anim_Soldier_C /Engine/Transient.World_5:PersistentLevel.SkeletalMeshActor_1.SkeletalMeshComponent0.BP_Anim_Soldier_C_2
	Function /Game/Logic/BP_Anim_Soldier.BP_Anim_Soldier_C:ExecuteUbergraph_BP_Anim_Soldier:0826
[2017.10.28-19.08.40:223][169]LogScript: Warning: Accessed None trying to read property Pawn
	BP_Anim_Soldier_C /Engine/Transient.World_1:PersistentLevel.Actor_0.DebugSkelMeshComponent_0.BP_Anim_Soldier_C_0
	Function /Game/Logic/BP_Anim_Soldier.BP_Anim_Soldier_C:ExecuteUbergraph_BP_Anim_Soldier:0330
[2017.10.28-19.08.40:223][169]LogScript: Warning: Accessed None trying to read property Pawn
	BP_Anim_Soldier_C /Engine/Transient.World_1:PersistentLevel.Actor_0.DebugSkelMeshComponent_0.BP_Anim_Soldier_C_0
	Function /Game/Logic/BP_Anim_Soldier.BP_Anim_Soldier_C:ExecuteUbergraph_BP_Anim_Soldier:0362
[2017.10.28-19.08.40:223][169]LogScript: Warning: Accessed None trying to read property Pawn
	BP_Anim_Soldier_C /Engine/Transient.World_1:PersistentLevel.Actor_0.DebugSkelMeshComponent_0.BP_Anim_Soldier_C_0
	Function /Game/Logic/BP_Anim_Soldier.BP_Anim_Soldier_C:ExecuteUbergraph_BP_Anim_Soldier:03C8
[2017.10.28-19.08.40:223][169]LogScript: Warning: Accessed None trying to read property Pawn
	BP_Anim_Soldier_C /Engine/Transient.World_1:PersistentLevel.Actor_0.DebugSkelMeshComponent_0.BP_Anim_Soldier_C_0
	Function /Game/Logic/BP_Anim_Soldier.BP_Anim_Soldier_C:ExecuteUbergraph_BP_Anim_Soldier:0495
[2017.10.28-19.08.40:223][169]LogScript: Warning: Accessed None trying to read property BP_Char_Soldier
	BP_Anim_Soldier_C /Engine/Transient.World_1:PersistentLevel.Actor_0.DebugSkelMeshComponent_0.BP_Anim_Soldier_C_0
	Function /Game/Logic/BP_Anim_Soldier.BP_Anim_Soldier_C:ExecuteUbergraph_BP_Anim_Soldier:0506
[2017.10.28-19.08.40:223][169]LogScript: Warning: Accessed None trying to read property BP_Char_Soldier
	BP_Anim_Soldier_C /Engine/Transient.World_1:PersistentLevel.Actor_0.DebugSkelMeshComponent_0.BP_Anim_Soldier_C_0
	Function /Game/Logic/BP_Anim_Soldier.BP_Anim_Soldier_C:ExecuteUbergraph_BP_Anim_Soldier:056B
[2017.10.28-19.08.40:223][169]LogScript: Warning: Accessed None trying to read property BP_Char_Soldier
	BP_Anim_Soldier_C /Engine/Transient.World_1:PersistentLevel.Actor_0.DebugSkelMeshComponent_0.BP_Anim_Soldier_C_0
	Function /Game/Logic/BP_Anim_Soldier.BP_Anim_Soldier_C:ExecuteUbergraph_BP_Anim_Soldier:059D
[2017.10.28-19.08.40:256][169]LogSlate: Took 0.006969 seconds to synchronously load lazily loaded font '../../../Engine/Content/Editor/Slate/Fonts/Roboto-BoldCondensed.ttf' (158K)
[2017.10.28-19.08.40:417][169]LogContentBrowser: Native class hierarchy updated for 'ClothingSystemEditorInterface' in 0.0009 seconds. Added 1 classes and 0 folders.
[2017.10.28-19.09.35:489][833]LogEditorViewport: Clicking on Actor (LMB): StaticMeshActor (Floor)
[2017.10.28-19.10.00:047][339]LogEditorViewport: Clicking on Actor (LMB): BP_Sky_Sphere_C (Sky Sphere)
[2017.10.28-19.10.14:933][924]LogTemp: Executing iPhonePackager certificates Engine -bundlename com.YourCompany.VirtusFPS
[2017.10.28-19.10.14:933][924]LogTemp: CWD: C:\Program Files\Epic Games\UE_4.17\Engine\Binaries\DotNET\IOS
[2017.10.28-19.10.14:933][924]LogTemp: Initial Dir: C:\Program Files\Epic Games\UE_4.17
[2017.10.28-19.10.14:933][924]LogTemp: Env CWD: C:\Program Files\Epic Games\UE_4.17\Engine\Binaries\DotNET\IOS
[2017.10.28-19.10.15:000][925]LogTemp: BranchPath = SEAN-PC/C/Program Files/Epic Games/UE_4.17/Engine/Binaries --- GameBranchPath = SEAN-PC/C/Program Files/Epic Games/UE_4.17/Engine/Binaries
[2017.10.28-19.10.15:000][925]LogTemp: IPP ERROR: Could not find provision directory 'C:\Users\AMD\AppData\Local/Apple Computer/MobileDevice/Provisioning Profiles/'.
[2017.10.28-19.10.24:774][277]SourceControl: Error: fatal: Invalid path '/Script': No such file or directory
[2017.10.28-19.10.44:309][ 50]SourceControl: Error: fatal: Invalid path '/Temp': No such file or directory
[2017.10.28-19.10.44:372][ 50]LogSlate: Took 0.000247 seconds to synchronously load lazily loaded font '../../../Engine/Content/Slate/Fonts/Roboto-Light.ttf' (159K)
[2017.10.28-19.10.46:188][ 50]LogTextFormatter: Warning: Failed to parse argument "ExistingAsset" as a number (using "0" as a fallback). Please check your format string for errors: "{ExistingAsset} already exists. Do you want to replace it?".
[2017.10.28-19.10.48:644][ 50]Cmd: OBJ SAVEPACKAGE PACKAGE="/Game/Maps/Map_01" FILE="D:/Unreal Projects/Virtus_FPS/Virtus_FPS/Content/Maps/Map_01.umap" SILENT=true AUTOSAVING=false KEEPDIRTY=false
[2017.10.28-19.10.48:799][ 50]LogSavePackage: Save=37.94ms
[2017.10.28-19.10.48:799][ 50]LogSavePackage: Moving 'D:/Unreal Projects/Virtus_FPS/Virtus_FPS/Saved/Map_010EA3F7CE4F24E4857E533A837D1956AA.tmp' to 'D:/Unreal Projects/Virtus_FPS/Virtus_FPS/Content/Maps/Map_01.umap'
[2017.10.28-19.10.48:800][ 50]LogSavePackage: Display: Finished SavePackage D:/Unreal Projects/Virtus_FPS/Virtus_FPS/Content/Maps/Map_01.umap
[2017.10.28-19.10.48:916][ 50]Cmd: OBJ SAVEPACKAGE PACKAGE="/Game/Maps/Map_01_BuiltData" FILE="D:/Unreal Projects/Virtus_FPS/Virtus_FPS/Content/Maps/Map_01_BuiltData.uasset" SILENT=true
[2017.10.28-19.10.48:951][ 50]LogSavePackage: Save=14.36ms
[2017.10.28-19.10.48:951][ 50]LogSavePackage: Moving 'D:/Unreal Projects/Virtus_FPS/Virtus_FPS/Saved/Map_01_BuiltData2662C71440888A409EEEFBB822AAB5CC.tmp' to 'D:/Unreal Projects/Virtus_FPS/Virtus_FPS/Content/Maps/Map_01_BuiltData.uasset'
[2017.10.28-19.10.48:952][ 50]LogSavePackage: Display: Finished SavePackage D:/Unreal Projects/Virtus_FPS/Virtus_FPS/Content/Maps/Map_01_BuiltData.uasset
[2017.10.28-19.10.48:955][ 50]LogFileHelpers: Saving map 'Map_01' took 1.019
[2017.10.28-19.10.49:096][ 56]SourceControl: Error: fatal: Invalid path '/Temp': No such file or directory
[2017.10.28-19.10.50:792][135]LogEditorViewport: Clicking on Actor (LMB): StaticMeshActor (Floor)
[2017.10.28-19.10.52:153][191]Cmd: DUPLICATE
[2017.10.28-19.10.52:153][191]Cmd: ACTOR DUPLICATE
[2017.10.28-19.10.56:355][349]LogEditorViewport: Clicking on Actor (LMB): BP_Sky_Sphere_C (Sky Sphere)
[2017.10.28-19.10.59:839][474]Cmd: OBJ SAVEPACKAGE PACKAGE="/Game/Maps/Map_01" FILE="D:/Unreal Projects/Virtus_FPS/Virtus_FPS/Content/Maps/Map_01.umap" SILENT=true AUTOSAVING=false KEEPDIRTY=false
[2017.10.28-19.10.59:946][474]LogSavePackage: Save=35.06ms
[2017.10.28-19.10.59:947][474]LogSavePackage: Moving 'D:/Unreal Projects/Virtus_FPS/Virtus_FPS/Saved/Map_01822E114C4E3F34470A384181718E2963.tmp' to 'D:/Unreal Projects/Virtus_FPS/Virtus_FPS/Content/Maps/Map_01.umap'
[2017.10.28-19.10.59:952][474]LogSavePackage: Display: Finished SavePackage D:/Unreal Projects/Virtus_FPS/Virtus_FPS/Content/Maps/Map_01.umap
[2017.10.28-19.11.00:065][474]Cmd: OBJ SAVEPACKAGE PACKAGE="/Game/Maps/Map_01_BuiltData" FILE="D:/Unreal Projects/Virtus_FPS/Virtus_FPS/Content/Maps/Map_01_BuiltData.uasset" SILENT=true
[2017.10.28-19.11.00:093][474]LogSavePackage: Save=14.00ms
[2017.10.28-19.11.00:094][474]LogSavePackage: Moving 'D:/Unreal Projects/Virtus_FPS/Virtus_FPS/Saved/Map_01_BuiltData559088A44FB4AD741789FBBFF568FE2A.tmp' to 'D:/Unreal Projects/Virtus_FPS/Virtus_FPS/Content/Maps/Map_01_BuiltData.uasset'
[2017.10.28-19.11.00:094][474]LogSavePackage: Display: Finished SavePackage D:/Unreal Projects/Virtus_FPS/Virtus_FPS/Content/Maps/Map_01_BuiltData.uasset
[2017.10.28-19.11.04:363][647]LogWindowsTextInputMethodSystem: Display: IME system now deactivated.
[2017.10.28-19.11.04:598][648]Cmd: QUIT_EDITOR
[2017.10.28-19.11.04:657][648]LogExit: Preparing to exit.
[2017.10.28-19.11.05:184][648]LogExit: Editor shut down
[2017.10.28-19.11.05:194][648]LogExit: Transaction tracking system shut down
[2017.10.28-19.11.05:356][648]LogDirectoryWatcher: A directory notification for '../../../Engine/Content/' was aborted.
[2017.10.28-19.11.05:356][648]LogDirectoryWatcher: A directory notification for 'D:/Unreal Projects/Virtus_FPS/Virtus_FPS/Content/' was aborted.
[2017.10.28-19.11.05:356][648]LogDirectoryWatcher: A directory notification for '../../../Engine/Plugins/2D/Paper2D/Content/' was aborted.
[2017.10.28-19.11.05:356][648]LogDirectoryWatcher: A directory notification for '../../../Engine/Plugins/Runtime/Oculus/OculusVR/Content/' was aborted.
[2017.10.28-19.11.05:356][648]LogDirectoryWatcher: A directory notification for '../../../Engine/Plugins/Runtime/Steam/SteamVR/Content/' was aborted.
[2017.10.28-19.11.05:554][648]LogExit: Object subsystem successfully closed.
[2017.10.28-19.11.05:598][648]LogD3D11RHI: Shutdown
[2017.10.28-19.11.05:598][648]LogD3D11RHI: CleanupD3DDevice
[2017.10.28-19.11.05:791][648]LogD3D11RHI: ~FD3D11DynamicRHI
[2017.10.28-19.11.05:845][648]LogModuleManager: Shutting down and abandoning module ExternalImagePicker (542)
[2017.10.28-19.11.05:845][648]LogModuleManager: Shutting down and abandoning module ClothingSystemEditorInterface (540)
[2017.10.28-19.11.05:845][648]LogModuleManager: Shutting down and abandoning module BlueprintGraph (538)
[2017.10.28-19.11.05:845][648]LogModuleManager: Shutting down and abandoning module BlueprintProfiler (536)
[2017.10.28-19.11.05:847][648]LogModuleManager: Shutting down and abandoning module SkeletonEditor (534)
[2017.10.28-19.11.05:847][648]LogModuleManager: Shutting down and abandoning module AnimationBlueprintEditor (532)
[2017.10.28-19.11.05:848][648]LogModuleManager: Shutting down and abandoning module HierarchicalLODOutliner (530)
[2017.10.28-19.11.05:848][648]LogModuleManager: Shutting down and abandoning module SceneOutliner (528)
[2017.10.28-19.11.05:848][648]LogModuleManager: Shutting down and abandoning module AddContentDialog (526)
[2017.10.28-19.11.05:848][648]LogDirectoryWatcher: A directory notification for 'C:/Program Files/Epic Games/UE_4.17/FeaturePacks/' was aborted.
[2017.10.28-19.11.05:850][648]LogModuleManager: Shutting down and abandoning module WidgetCarousel (525)
[2017.10.28-19.11.05:850][648]LogModuleManager: Shutting down and abandoning module EditorWidgets (522)
[2017.10.28-19.11.05:850][648]LogModuleManager: Shutting down and abandoning module CollectionManager (520)
[2017.10.28-19.11.05:851][648]LogDirectoryWatcher: A directory notification for 'D:/Unreal Projects/Virtus_FPS/Virtus_FPS/Content/Collections/' was aborted.
[2017.10.28-19.11.05:851][648]LogDirectoryWatcher: A directory notification for 'D:/Unreal Projects/Virtus_FPS/Virtus_FPS/Content/Developers/AMD/Collections/' was aborted.
[2017.10.28-19.11.05:851][648]LogDirectoryWatcher: A directory notification for 'D:/Unreal Projects/Virtus_FPS/Virtus_FPS/Saved/Collections/' was aborted.
[2017.10.28-19.11.05:851][648]LogModuleManager: Shutting down and abandoning module StatsViewer (518)
[2017.10.28-19.11.05:852][648]LogModuleManager: Shutting down and abandoning module FoliageEdit (516)
[2017.10.28-19.11.05:852][648]LogModuleManager: Shutting down and abandoning module LandscapeEditor (514)
[2017.10.28-19.11.05:853][648]LogModuleManager: Shutting down and abandoning module MeshPaintMode (512)
[2017.10.28-19.11.05:853][648]LogModuleManager: Shutting down and abandoning module SceneDepthPickerMode (510)
[2017.10.28-19.11.05:853][648]LogModuleManager: Shutting down and abandoning module ActorPickerMode (508)
[2017.10.28-19.11.05:853][648]LogModuleManager: Shutting down and abandoning module GeometryMode (506)
[2017.10.28-19.11.05:853][648]LogModuleManager: Shutting down and abandoning module TextureAlignMode (504)
[2017.10.28-19.11.05:853][648]LogModuleManager: Shutting down and abandoning module BspMode (502)
[2017.10.28-19.11.05:853][648]LogModuleManager: Shutting down and abandoning module PIEPreviewDeviceProfileSelector (500)
[2017.10.28-19.11.05:853][648]LogModuleManager: Shutting down and abandoning module HardwareSurvey (498)
[2017.10.28-19.11.05:853][648]LogModuleManager: Shutting down and abandoning module SequenceRecorderSections (496)
[2017.10.28-19.11.05:854][648]LogModuleManager: Shutting down and abandoning module AutomationWorker (494)
[2017.10.28-19.11.05:854][648]LogModuleManager: Shutting down and abandoning module MatineeToLevelSequence (492)
[2017.10.28-19.11.05:854][648]LogModuleManager: Shutting down and abandoning module LevelSequenceEditor (490)
[2017.10.28-19.11.05:857][648]LogModuleManager: Shutting down and abandoning module PlacementMode (489)
[2017.10.28-19.11.05:857][648]LogModuleManager: Shutting down and abandoning module WmfMediaFactory (486)
[2017.10.28-19.11.05:857][648]LogModuleManager: Shutting down and abandoning module WmfMediaEditor (484)
[2017.10.28-19.11.05:857][648]LogModuleManager: Shutting down and abandoning module AvfMediaFactory (482)
[2017.10.28-19.11.05:857][648]LogModuleManager: Shutting down and abandoning module AvfMediaEditor (480)
[2017.10.28-19.11.05:857][648]LogModuleManager: Shutting down and abandoning module AndroidMediaFactory (478)
[2017.10.28-19.11.05:857][648]LogModuleManager: Shutting down and abandoning module Media (477)
[2017.10.28-19.11.05:857][648]LogModuleManager: Shutting down and abandoning module AndroidMediaEditor (474)
[2017.10.28-19.11.05:857][648]LogModuleManager: Shutting down and abandoning module CharacterAI (472)
[2017.10.28-19.11.05:857][648]LogModuleManager: Shutting down and abandoning module AudioCapture (470)
[2017.10.28-19.11.05:857][648]LogModuleManager: Shutting down and abandoning module SequenceRecorder (469)
[2017.10.28-19.11.05:858][648]LogModuleManager: Shutting down and abandoning module SmartSnapping (466)
[2017.10.28-19.11.05:858][648]LogModuleManager: Shutting down and abandoning module SessionServices (464)
[2017.10.28-19.11.05:858][648]LogModuleManager: Shutting down and abandoning module ViewportSnapping (462)
[2017.10.28-19.11.05:858][648]LogModuleManager: Shutting down and abandoning module ViewportInteraction (460)
[2017.10.28-19.11.05:858][648]LogModuleManager: Shutting down and abandoning module ClothPainter (458)
[2017.10.28-19.11.05:860][648]LogModuleManager: Shutting down and abandoning module LogVisualizer (456)
[2017.10.28-19.11.05:861][648]LogModuleManager: Shutting down and abandoning module IntroTutorials (454)
[2017.10.28-19.11.05:862][648]LogModuleManager: Shutting down and abandoning module GameProjectGeneration (453)
[2017.10.28-19.11.05:863][648]LogModuleManager: Shutting down and abandoning module IOSPlatformEditor (450)
[2017.10.28-19.11.05:863][648]LogModuleManager: Shutting down and abandoning module HTML5PlatformEditor (448)
[2017.10.28-19.11.05:863][648]LogModuleManager: Shutting down and abandoning module AndroidPlatformEditor (446)
[2017.10.28-19.11.05:863][648]LogModuleManager: Shutting down and abandoning module AndroidDeviceDetection (445)
[2017.10.28-19.11.06:190][648]LogModuleManager: Shutting down and abandoning module WindowsPlatformEditor (442)
[2017.10.28-19.11.06:190][648]LogModuleManager: Shutting down and abandoning module IOSRuntimeSettings (440)
[2017.10.28-19.11.06:190][648]LogModuleManager: Shutting down and abandoning module AndroidRuntimeSettings (438)
[2017.10.28-19.11.06:190][648]LogModuleManager: Shutting down and abandoning module InputBindingEditor (436)
[2017.10.28-19.11.06:190][648]LogModuleManager: Shutting down and abandoning module MergeActors (434)
[2017.10.28-19.11.06:191][648]LogModuleManager: Shutting down and abandoning module SizeMap (432)
[2017.10.28-19.11.06:191][648]LogModuleManager: Shutting down and abandoning module TreeMap (430)
[2017.10.28-19.11.06:192][648]LogModuleManager: Shutting down and abandoning module ReferenceViewer (428)
[2017.10.28-19.11.06:192][648]LogModuleManager: Shutting down and abandoning module LocalizationDashboard (426)
[2017.10.28-19.11.06:193][648]LogModuleManager: Shutting down and abandoning module LocalizationService (425)
[2017.10.28-19.11.06:193][648]LogModuleManager: Shutting down and abandoning module HardwareTargeting (422)
[2017.10.28-19.11.06:193][648]LogModuleManager: Shutting down and abandoning module DeviceProfileEditor (420)
[2017.10.28-19.11.06:193][648]LogModuleManager: Shutting down and abandoning module UndoHistory (418)
[2017.10.28-19.11.06:193][648]LogModuleManager: Shutting down and abandoning module XmlParser (416)
[2017.10.28-19.11.06:194][648]LogModuleManager: Shutting down and abandoning module Blutility (414)
[2017.10.28-19.11.06:194][648]LogModuleManager: Shutting down and abandoning module ProjectSettingsViewer (412)
[2017.10.28-19.11.06:194][648]LogModuleManager: Shutting down and abandoning module ProjectTargetPlatformEditor (411)
[2017.10.28-19.11.06:194][648]LogModuleManager: Shutting down and abandoning module EditorSettingsViewer (408)
[2017.10.28-19.11.06:194][648]LogModuleManager: Shutting down and abandoning module SettingsEditor (406)
[2017.10.28-19.11.06:195][648]LogModuleManager: Shutting down and abandoning module ProjectLauncher (404)
[2017.10.28-19.11.06:195][648]LogModuleManager: Shutting down and abandoning module SessionFrontend (402)
[2017.10.28-19.11.06:196][648]LogModuleManager: Shutting down and abandoning module ProfilerClient (400)
[2017.10.28-19.11.06:196][648]LogModuleManager: Shutting down and abandoning module DeviceManager (398)
[2017.10.28-19.11.06:197][648]LogModuleManager: Shutting down and abandoning module TargetDeviceServices (397)
[2017.10.28-19.11.06:252][648]LogModuleManager: Shutting down and abandoning module AutomationController (394)
[2017.10.28-19.11.06:253][648]LogModuleManager: Shutting down and abandoning module AutomationWindow (392)
[2017.10.28-19.11.06:254][648]LogModuleManager: Shutting down and abandoning module Layers (390)
[2017.10.28-19.11.06:256][648]LogModuleManager: Shutting down and abandoning module ComponentVisualizers (388)
[2017.10.28-19.11.06:256][648]LogModuleManager: Shutting down and abandoning module DetailCustomizations (386)
[2017.10.28-19.11.06:256][648]LogModuleManager: Shutting down and abandoning module PackagesDialog (384)
[2017.10.28-19.11.06:257][648]LogModuleManager: Shutting down and abandoning module Persona (382)
[2017.10.28-19.11.06:257][648]LogModuleManager: Shutting down and abandoning module AdvancedPreviewScene (381)
[2017.10.28-19.11.06:257][648]LogModuleManager: Shutting down and abandoning module AnimGraph (379)
[2017.10.28-19.11.06:257][648]LogModuleManager: Shutting down and abandoning module Kismet (376)
[2017.10.28-19.11.06:269][648]LogModuleManager: Shutting down and abandoning module ClassViewer (374)
[2017.10.28-19.11.06:270][648]LogModuleManager: Shutting down and abandoning module Toolbox (372)
[2017.10.28-19.11.06:270][648]LogModuleManager: Shutting down and abandoning module ModuleUI (370)
[2017.10.28-19.11.06:271][648]LogModuleManager: Shutting down and abandoning module MovieSceneTools (368)
[2017.10.28-19.11.06:272][648]LogModuleManager: Shutting down and abandoning module OutputLog (366)
[2017.10.28-19.11.06:272][648]LogModuleManager: Shutting down and abandoning module GammaUI (364)
[2017.10.28-19.11.06:273][648]LogModuleManager: Shutting down and abandoning module Documentation (362)
[2017.10.28-19.11.06:273][648]LogModuleManager: Shutting down and abandoning module MovieSceneTracks (360)
[2017.10.28-19.11.06:273][648]LogModuleManager: Shutting down and abandoning module MovieScene (358)
[2017.10.28-19.11.06:273][648]LogModuleManager: Shutting down and abandoning module Niagara (356)
[2017.10.28-19.11.06:273][648]LogModuleManager: Shutting down and abandoning module NiagaraEditor (355)
[2017.10.28-19.11.06:275][648]LogModuleManager: Shutting down and abandoning module StreamingPauseRendering (352)
[2017.10.28-19.11.06:275][648]LogModuleManager: Shutting down and abandoning module LauncherPlatform (350)
[2017.10.28-19.11.06:275][648]LogModuleManager: Shutting down and abandoning module AnalyticsET (348)
[2017.10.28-19.11.06:275][648]LogModuleManager: Shutting down and abandoning module PortalServices (346)
[2017.10.28-19.11.06:275][648]LogModuleManager: Shutting down and abandoning module PortalRpc (344)
[2017.10.28-19.11.06:275][648]LogModuleManager: Shutting down and abandoning module MessagingRpc (342)
[2017.10.28-19.11.06:275][648]LogModuleManager: Shutting down and abandoning module AIModule (340)
[2017.10.28-19.11.06:275][648]LogModuleManager: Shutting down and abandoning module GameplayDebugger (339)
[2017.10.28-19.11.06:276][648]LogModuleManager: Shutting down and abandoning module AITestSuite (337)
[2017.10.28-19.11.06:276][648]LogModuleManager: Shutting down and abandoning module ProfilerService (334)
[2017.10.28-19.11.06:421][648]LogModuleManager: Shutting down and abandoning module TaskGraph (332)
[2017.10.28-19.11.06:422][648]LogModuleManager: Shutting down and abandoning module SteamVRController (330)
[2017.10.28-19.11.06:422][648]LogModuleManager: Shutting down and abandoning module ProceduralMeshComponentEditor (328)
[2017.10.28-19.11.06:422][648]LogModuleManager: Shutting down and abandoning module ProceduralMeshComponent (326)
[2017.10.28-19.11.06:423][648]LogModuleManager: Shutting down and abandoning module OculusInput (324)
[2017.10.28-19.11.06:423][648]LogModuleManager: Shutting down and abandoning module MobilePatchingUtils (322)
[2017.10.28-19.11.06:423][648]LogModuleManager: Shutting down and abandoning module CustomMeshComponent (320)
[2017.10.28-19.11.06:423][648]LogModuleManager: Shutting down and abandoning module CableComponent (318)
[2017.10.28-19.11.06:423][648]LogModuleManager: Shutting down and abandoning module ArchVisCharacter (316)
[2017.10.28-19.11.06:423][648]LogModuleManager: Shutting down and abandoning module AndroidPermission (314)
[2017.10.28-19.11.06:423][648]LogModuleManager: Shutting down and abandoning module MediaPlayerEditor (310)
[2017.10.28-19.11.06:425][648]LogModuleManager: Shutting down and abandoning module HTML5Networking (308)
[2017.10.28-19.11.06:426][648]LogModuleManager: Shutting down and abandoning module AlembicImporter (306)
[2017.10.28-19.11.06:426][648]LogModuleManager: Shutting down and abandoning module AlembicLibrary (305)
[2017.10.28-19.11.06:426][648]LogModuleManager: Shutting down and abandoning module GeometryCache (304)
[2017.10.28-19.11.06:426][648]LogModuleManager: Shutting down and abandoning module GeometryCacheEd (303)
[2017.10.28-19.11.06:426][648]LogModuleManager: Shutting down and abandoning module SpeedTreeImporter (298)
[2017.10.28-19.11.06:426][648]LogModuleManager: Shutting down and abandoning module PluginBrowser (296)
[2017.10.28-19.11.06:428][648]LogModuleManager: Shutting down and abandoning module MobileLauncherProfileWizard (294)
[2017.10.28-19.11.06:429][648]LogModuleManager: Shutting down and abandoning module VisualStudioSourceCodeAccess (292)
[2017.10.28-19.11.06:429][648]LogModuleManager: Shutting down and abandoning module DesktopPlatform (291)
[2017.10.28-19.11.06:429][648]LogModuleManager: Shutting down and abandoning module UObjectPlugin (288)
[2017.10.28-19.11.06:429][648]LogModuleManager: Shutting down and abandoning module SubversionSourceControl (286)
[2017.10.28-19.11.06:430][648]LogModuleManager: Shutting down and abandoning module PerforceSourceControl (284)
[2017.10.28-19.11.06:431][648]LogModuleManager: Shutting down and abandoning module GitSourceControl (282)
[2017.10.28-19.11.06:432][648]LogModuleManager: Shutting down and abandoning module SourceControl (281)
[2017.10.28-19.11.06:432][648]LogModuleManager: Shutting down and abandoning module LightPropagationVolumeEditor (278)
[2017.10.28-19.11.06:432][648]LogModuleManager: Shutting down and abandoning module PaperTiledImporter (276)
[2017.10.28-19.11.06:432][648]LogModuleManager: Shutting down and abandoning module PaperSpriteSheetImporter (274)
[2017.10.28-19.11.06:432][648]LogModuleManager: Shutting down and abandoning module Paper2DEditor (272)
[2017.10.28-19.11.06:432][648]LogModuleManager: Shutting down and abandoning module MeshPaint (271)
[2017.10.28-19.11.06:433][648]LogModuleManager: Shutting down and abandoning module LevelEditor (269)
[2017.10.28-19.11.06:434][648]LogModuleManager: Shutting down and abandoning module PixelInspectorModule (268)
[2017.10.28-19.11.06:434][648]LogModuleManager: Shutting down and abandoning module MainFrame (266)
[2017.10.28-19.11.06:435][648]LogModuleManager: Shutting down and abandoning module HotReload (265)
[2017.10.28-19.11.06:435][648]LogModuleManager: Shutting down and abandoning module RuntimePhysXCooking (260)
[2017.10.28-19.11.06:435][648]LogModuleManager: Shutting down and abandoning module PhysXVehiclesEditor (258)
[2017.10.28-19.11.06:436][648]LogModuleManager: Shutting down and abandoning module PhysXVehicles (256)
[2017.10.28-19.11.06:436][648]LogModuleManager: Shutting down and abandoning module OculusEditor (254)
[2017.10.28-19.11.06:436][648]LogModuleManager: Shutting down and abandoning module LocationServicesBPLibrary (252)
[2017.10.28-19.11.06:436][648]LogModuleManager: Shutting down and abandoning module ImmediatePhysicsEditor (250)
[2017.10.28-19.11.06:436][648]LogModuleManager: Shutting down and abandoning module ImmediatePhysics (248)
[2017.10.28-19.11.06:436][648]LogModuleManager: Shutting down and abandoning module UdpMessaging (246)
[2017.10.28-19.11.06:537][648]LogModuleManager: Shutting down and abandoning module TcpMessaging (244)
[2017.10.28-19.11.06:638][648]LogModuleManager: Shutting down and abandoning module GameplayTagsEditor (242)
[2017.10.28-19.11.06:638][648]LogModuleManager: Shutting down and abandoning module FacialAnimationEditor (240)
[2017.10.28-19.11.06:638][648]LogModuleManager: Shutting down and abandoning module FacialAnimation (238)
[2017.10.28-19.11.06:638][648]LogModuleManager: Shutting down and abandoning module AssetManagerEditor (236)
[2017.10.28-19.11.06:640][648]LogModuleManager: Shutting down and abandoning module GraphEditor (235)
[2017.10.28-19.11.06:640][648]LogModuleManager: Shutting down and abandoning module ContentBrowser (233)
[2017.10.28-19.11.06:641][648]LogModuleManager: Shutting down and abandoning module LightPropagationVolumeRuntime (230)
[2017.10.28-19.11.06:641][648]LogModuleManager: Shutting down and abandoning module Paper2D (228)
[2017.10.28-19.11.06:642][648]LogModuleManager: Shutting down and abandoning module WindowsMoviePlayer (226)
[2017.10.28-19.11.06:642][648]LogModuleManager: Shutting down and abandoning module WmfMedia (224)
[2017.10.28-19.11.06:643][648]LogModuleManager: Shutting down and abandoning module PacketHandler (222)
[2017.10.28-19.11.06:643][648]LogModuleManager: Shutting down and abandoning module ClothingSystemEditor (220)
[2017.10.28-19.11.06:643][648]LogModuleManager: Shutting down and abandoning module ClothingSystemRuntime (218)
[2017.10.28-19.11.06:643][648]LogModuleManager: Shutting down and abandoning module Overlay (216)
[2017.10.28-19.11.06:644][648]LogModuleManager: Shutting down and abandoning module OverlayEditor (215)
[2017.10.28-19.11.06:644][648]LogModuleManager: Shutting down and abandoning module MediaAssets (212)
[2017.10.28-19.11.06:644][648]LogModuleManager: Shutting down and abandoning module VREditor (210)
[2017.10.28-19.11.06:644][648]LogModuleManager: Shutting down and abandoning module StringTableEditor (208)
[2017.10.28-19.11.06:645][648]LogModuleManager: Shutting down and abandoning module GameplayTasksEditor (206)
[2017.10.28-19.11.06:645][648]LogModuleManager: Shutting down and abandoning module BehaviorTreeEditor (204)
[2017.10.28-19.11.06:647][648]LogModuleManager: Shutting down and abandoning module FunctionalTesting (202)
[2017.10.28-19.11.06:647][648]LogModuleManager: Shutting down and abandoning module CollisionAnalyzer (200)
[2017.10.28-19.11.06:648][648]LogModuleManager: Shutting down and abandoning module WorkspaceMenuStructure (199)
[2017.10.28-19.11.06:648][648]LogModuleManager: Shutting down and abandoning module UMG (196)
[2017.10.28-19.11.06:649][648]LogModuleManager: Shutting down and abandoning module UMGEditor (195)
[2017.10.28-19.11.06:650][648]LogModuleManager: Shutting down and abandoning module Sequencer (194)
[2017.10.28-19.11.06:651][648]LogModuleManager: Shutting down and abandoning module MessageLog (191)
[2017.10.28-19.11.06:651][648]LogModuleManager: Shutting down and abandoning module SlateReflector (186)
[2017.10.28-19.11.06:654][648]LogModuleManager: Shutting down and abandoning module Slate (184)
[2017.10.28-19.11.06:654][648]LogModuleManager: Shutting down and abandoning module EditorStyle (182)
[2017.10.28-19.11.06:658][648]LogModuleManager: Shutting down and abandoning module MRMesh (180)
[2017.10.28-19.11.06:658][648]LogModuleManager: Shutting down and abandoning module SourceCodeAccess (178)
[2017.10.28-19.11.06:658][648]LogModuleManager: Shutting down and abandoning module HeadMountedDisplay (176)
[2017.10.28-19.11.06:658][648]LogModuleManager: Shutting down and abandoning module XAudio2 (174)
[2017.10.28-19.11.06:658][648]LogModuleManager: Shutting down and abandoning module Networking (172)
[2017.10.28-19.11.06:658][648]LogModuleManager: Shutting down and abandoning module Core (168)
[2017.10.28-19.11.06:658][648]LogModuleManager: Shutting down and abandoning module KismetCompiler (164)
[2017.10.28-19.11.06:658][648]LogModuleManager: Shutting down and abandoning module LevelSequence (162)
[2017.10.28-19.11.06:658][648]LogModuleManager: Shutting down and abandoning module MeshUtilities (160)
[2017.10.28-19.11.06:659][648]LogModuleManager: Shutting down and abandoning module MeshMergeUtilities (159)
[2017.10.28-19.11.06:660][648]LogModuleManager: Shutting down and abandoning module MeshReductionInterface (158)
[2017.10.28-19.11.06:660][648]LogModuleManager: Shutting down and abandoning module SimplygonSwarm (157)
[2017.10.28-19.11.06:661][648]LogModuleManager: Shutting down and abandoning module SimplygonMeshReduction (155)
[2017.10.28-19.11.06:661][648]LogModuleManager: Shutting down and abandoning module QuadricMeshReduction (153)
[2017.10.28-19.11.06:661][648]LogModuleManager: Shutting down and abandoning module MaterialBaking (149)
[2017.10.28-19.11.06:661][648]LogModuleManager: Shutting down and abandoning module DirectoryWatcher (146)
[2017.10.28-19.11.06:662][648]LogModuleManager: Shutting down and abandoning module DerivedDataCache (144)
[2017.10.28-19.11.06:665][648]LogDerivedDataCache: Shutdown
[2017.10.28-19.11.06:665][648]LogModuleManager: Shutting down and abandoning module TargetPlatform (142)
[2017.10.28-19.11.06:666][648]LogModuleManager: Shutting down and abandoning module VulkanShaderFormat (141)
[2017.10.28-19.11.06:666][648]LogModuleManager: Shutting down and abandoning module ShaderFormatVectorVM (139)
[2017.10.28-19.11.06:667][648]LogModuleManager: Shutting down and abandoning module ShaderFormatOpenGL (137)
[2017.10.28-19.11.06:667][648]LogModuleManager: Shutting down and abandoning module ShaderFormatD3D (135)
[2017.10.28-19.11.06:667][648]LogModuleManager: Shutting down and abandoning module MetalShaderFormat (133)
[2017.10.28-19.11.06:668][648]LogModuleManager: Shutting down and abandoning module TextureFormatUncompressed (131)
[2017.10.28-19.11.06:668][648]LogModuleManager: Shutting down and abandoning module TextureFormatPVR (129)
[2017.10.28-19.11.06:668][648]LogModuleManager: Shutting down and abandoning module TextureFormatDXT (127)
[2017.10.28-19.11.06:668][648]LogModuleManager: Shutting down and abandoning module TextureFormatIntelISPCTexComp (125)
[2017.10.28-19.11.06:668][648]LogModuleManager: Shutting down and abandoning module TextureFormatASTC (123)
[2017.10.28-19.11.06:668][648]LogModuleManager: Shutting down and abandoning module ImageWrapper (122)
[2017.10.28-19.11.06:668][648]LogModuleManager: Shutting down and abandoning module TextureFormatAndroid (119)
[2017.10.28-19.11.06:668][648]LogModuleManager: Shutting down and abandoning module AudioFormatOpus (117)
[2017.10.28-19.11.06:668][648]LogModuleManager: Shutting down and abandoning module AudioFormatOgg (115)
[2017.10.28-19.11.06:668][648]LogModuleManager: Shutting down and abandoning module AudioFormatADPCM (113)
[2017.10.28-19.11.06:668][648]LogModuleManager: Shutting down and abandoning module LinuxTargetPlatform (111)
[2017.10.28-19.11.06:668][648]LogModuleManager: Shutting down and abandoning module LinuxServerTargetPlatform (109)
[2017.10.28-19.11.06:668][648]LogModuleManager: Shutting down and abandoning module LinuxNoEditorTargetPlatform (107)
[2017.10.28-19.11.06:668][648]LogModuleManager: Shutting down and abandoning module LinuxClientTargetPlatform (105)
[2017.10.28-19.11.06:668][648]LogModuleManager: Shutting down and abandoning module TVOSTargetPlatform (103)
[2017.10.28-19.11.06:668][648]LogModuleManager: Shutting down and abandoning module Messaging (101)
[2017.10.28-19.11.06:668][648]LogModuleManager: Shutting down and abandoning module IOSTargetPlatform (99)
[2017.10.28-19.11.06:668][648]LogModuleManager: Shutting down and abandoning module HTML5TargetPlatform (97)
[2017.10.28-19.11.06:668][648]LogModuleManager: Shutting down and abandoning module Android_PVRTCTargetPlatform (95)
[2017.10.28-19.11.06:668][648]LogModuleManager: Shutting down and abandoning module Android_MultiTargetPlatform (93)
[2017.10.28-19.11.06:668][648]LogModuleManager: Shutting down and abandoning module Android_ETC2TargetPlatform (91)
[2017.10.28-19.11.06:668][648]LogModuleManager: Shutting down and abandoning module Android_ETC1TargetPlatform (89)
[2017.10.28-19.11.06:668][648]LogModuleManager: Shutting down and abandoning module Android_DXTTargetPlatform (87)
[2017.10.28-19.11.06:668][648]LogModuleManager: Shutting down and abandoning module Android_ATCTargetPlatform (85)
[2017.10.28-19.11.06:668][648]LogModuleManager: Shutting down and abandoning module Android_ASTCTargetPlatform (83)
[2017.10.28-19.11.06:668][648]LogModuleManager: Shutting down and abandoning module AndroidTargetPlatform (81)
[2017.10.28-19.11.06:669][648]LogModuleManager: Shutting down and abandoning module WindowsTargetPlatform (79)
[2017.10.28-19.11.06:669][648]LogModuleManager: Shutting down and abandoning module WindowsServerTargetPlatform (77)
[2017.10.28-19.11.06:669][648]LogModuleManager: Shutting down and abandoning module WindowsNoEditorTargetPlatform (75)
[2017.10.28-19.11.06:669][648]LogModuleManager: Shutting down and abandoning module WindowsClientTargetPlatform (73)
[2017.10.28-19.11.06:669][648]LogModuleManager: Shutting down and abandoning module MacTargetPlatform (71)
[2017.10.28-19.11.06:669][648]LogModuleManager: Shutting down and abandoning module MacServerTargetPlatform (69)
[2017.10.28-19.11.06:669][648]LogModuleManager: Shutting down and abandoning module MacNoEditorTargetPlatform (67)
[2017.10.28-19.11.06:669][648]LogModuleManager: Shutting down and abandoning module MacClientTargetPlatform (65)
[2017.10.28-19.11.06:669][648]LogModuleManager: Shutting down and abandoning module AllDesktopTargetPlatform (63)
[2017.10.28-19.11.06:669][648]LogModuleManager: Shutting down and abandoning module InputCore (60)
[2017.10.28-19.11.06:669][648]LogModuleManager: Shutting down and abandoning module Settings (58)
[2017.10.28-19.11.06:669][648]LogModuleManager: Shutting down and abandoning module PhysXCooking (56)
[2017.10.28-19.11.06:669][648]LogModuleManager: Shutting down and abandoning module SteamVR (54)
[2017.10.28-19.11.06:669][648]LogModuleManager: Shutting down and abandoning module OculusHMD (52)
[2017.10.28-19.11.06:669][648]LogModuleManager: Shutting down and abandoning module ExampleDeviceProfileSelector (50)
[2017.10.28-19.11.06:670][648]LogModuleManager: Shutting down and abandoning module OnlineBlueprintSupport (48)
[2017.10.28-19.11.06:670][648]LogModuleManager: Shutting down and abandoning module OnlineSubsystem (44)
[2017.10.28-19.11.06:670][648]LogOnline: Display: Unloading online subsystem: NULL
[2017.10.28-19.11.06:671][648]LogModuleManager: Shutting down and abandoning module XMPP (43)
[2017.10.28-19.11.06:672][648]LogModuleManager: Shutting down and abandoning module HTTP (41)
[2017.10.28-19.11.06:672][648]LogHttp: Display: Http module shutting down, but needs to wait on 1 outstanding Http requests:
[2017.10.28-19.11.06:672][648]LogHttp: Display: 	verb=[POST] url=[https://datarouter.ol.epicgames.com/datarouter/api/v1/public/data?SessionID=%7BD752B415-409F-75D7-DDFF-4381E7A0189A%7D&AppID=UEEditor.Rocket.Release&AppVersion=4.17.2-3658906%2B%2B%2BUE4%2BRelease-4.17&UserID=eb99d1e348f35ee33140d1b85cecba9a%7C0898c82567a74806a501c7973750ceef%7C51c08d98-04aa-4f88-8482-4c0b4dda356e&AppEnvironment=datacollector-binary&UploadType=eteventstream] status=Processing
[2017.10.28-19.11.06:694][648]LogModuleManager: Shutting down and abandoning module SSL (40)
[2017.10.28-19.11.06:696][648]LogModuleManager: Shutting down and abandoning module AnimationModifiers (36)
[2017.10.28-19.11.06:697][648]LogModuleManager: Shutting down and abandoning module PropertyEditor (35)
[2017.10.28-19.11.06:697][648]LogModuleManager: Shutting down and abandoning module AudioEditor (32)
[2017.10.28-19.11.06:698][648]LogModuleManager: Shutting down and abandoning module TextureCompressor (30)
[2017.10.28-19.11.06:698][648]LogModuleManager: Shutting down and abandoning module ShaderCore (28)
[2017.10.28-19.11.06:698][648]LogModuleManager: Shutting down and abandoning module Landscape (26)
[2017.10.28-19.11.06:698][648]LogModuleManager: Shutting down and abandoning module SlateRHIRenderer (24)
[2017.10.28-19.11.06:701][648]LogModuleManager: Shutting down and abandoning module OpenGLDrv (22)
[2017.10.28-19.11.06:702][648]LogModuleManager: Shutting down and abandoning module D3D11RHI (20)
[2017.10.28-19.11.06:702][648]LogModuleManager: Shutting down and abandoning module AnimGraphRuntime (18)
[2017.10.28-19.11.06:702][648]LogModuleManager: Shutting down and abandoning module Renderer (16)
[2017.10.28-19.11.06:702][648]LogModuleManager: Shutting down and abandoning module Engine (14)
[2017.10.28-19.11.06:702][648]LogModuleManager: Shutting down and abandoning module CoreUObject (12)
[2017.10.28-19.11.06:702][648]LogModuleManager: Shutting down and abandoning module NetworkFile (10)
[2017.10.28-19.11.06:702][648]LogModuleManager: Shutting down and abandoning module CookedIterativeFile (8)
[2017.10.28-19.11.06:702][648]LogModuleManager: Shutting down and abandoning module StreamingFile (6)
[2017.10.28-19.11.06:702][648]LogModuleManager: Shutting down and abandoning module SandboxFile (4)
[2017.10.28-19.11.06:702][648]LogModuleManager: Shutting down and abandoning module PakFile (2)
[2017.10.28-19.11.06:707][648]LogExit: Exiting.
[2017.10.28-19.11.06:728][648]Log file closed, 10/28/17 21:11:06
