Log file open, 10/22/17 21:54:51
LogWindows: Failed to load 'aqProf.dll' (GetLastError=126)
LogWindows: File 'aqProf.dll' does not exist
LogWindows: Failed to load 'VtuneApi.dll' (GetLastError=126)
LogWindows: File 'VtuneApi.dll' does not exist
LogWindows: Failed to load 'VtuneApi32e.dll' (GetLastError=126)
LogWindows: File 'VtuneApi32e.dll' does not exist
LogInit: Display: Running engine for game: Virtus_FPS
LogPlatformFile: Not using cached read wrapper
LogInit: Display: RandInit(1338135520) SRandInit(1338135520).
LogTaskGraph: Started task graph with 5 named threads and 14 total threads with 3 sets of task threads.
LogStats: Stats thread started at 0.219956
LogD3D11RHI: Aftermath initialized
LogPluginManager: Mounting plugin Paper2D
LogPluginManager: Mounting plugin LightPropagationVolume
LogPluginManager: Mounting plugin CodeLiteSourceCodeAccess
LogPluginManager: Mounting plugin GitSourceControl
LogPluginManager: Mounting plugin KDevelopSourceCodeAccess
LogPluginManager: Mounting plugin NullSourceCodeAccess
LogPluginManager: Mounting plugin PerforceSourceControl
LogPluginManager: Mounting plugin SubversionSourceControl
LogPluginManager: Mounting plugin UObjectPlugin
LogPluginManager: Mounting plugin VisualStudioSourceCodeAccess
LogPluginManager: Mounting plugin XCodeSourceCodeAccess
LogPluginManager: Mounting plugin AssetManagerEditor
LogPluginManager: Mounting plugin AudioCapture
LogPluginManager: Mounting plugin FacialAnimation
LogPluginManager: Mounting plugin GameplayTagsEditor
LogPluginManager: Mounting plugin MobileLauncherProfileWizard
LogPluginManager: Mounting plugin PluginBrowser
LogPluginManager: Mounting plugin SpeedTreeImporter
LogPluginManager: Mounting plugin AlembicImporter
LogPluginManager: Mounting plugin CharacterAI
LogPluginManager: Mounting plugin HTML5Networking
LogPluginManager: Mounting plugin AndroidMedia
LogPluginManager: Mounting plugin AvfMedia
LogPluginManager: Mounting plugin MediaPlayerEditor
LogPluginManager: Mounting plugin WmfMedia
LogPluginManager: Mounting plugin TcpMessaging
LogPluginManager: Mounting plugin UdpMessaging
LogPluginManager: Mounting plugin LevelSequenceEditor
LogPluginManager: Mounting plugin MatineeToLevelSequence
LogPluginManager: Mounting plugin OnlineSubsystemGooglePlay
LogPluginManager: Mounting plugin OnlineSubsystemIOS
LogPluginManager: Mounting plugin OnlineSubsystem
LogPluginManager: Mounting plugin OnlineSubsystemNull
LogPluginManager: Mounting plugin OnlineSubsystemUtils
LogPluginManager: Mounting plugin AndroidDeviceProfileSelector
LogPluginManager: Mounting plugin AndroidMoviePlayer
LogPluginManager: Mounting plugin AndroidPermission
LogPluginManager: Mounting plugin AppleMoviePlayer
LogPluginManager: Mounting plugin ArchVisCharacter
LogPluginManager: Mounting plugin CableComponent
LogPluginManager: Mounting plugin CustomMeshComponent
LogPluginManager: Mounting plugin ExampleDeviceProfileSelector
LogPluginManager: Mounting plugin GoogleCloudMessaging
LogPluginManager: Mounting plugin ImmediatePhysics
LogPluginManager: Mounting plugin IOSDeviceProfileSelector
LogPluginManager: Mounting plugin LinuxDeviceProfileSelector
LogPluginManager: Mounting plugin LocationServicesBPLibrary
LogPluginManager: Mounting plugin MobilePatchingUtils
LogPluginManager: Mounting plugin OculusVR
LogPluginManager: Mounting plugin PhysXVehicles
LogPluginManager: Mounting plugin ProceduralMeshComponent
LogPluginManager: Mounting plugin RuntimePhysXCooking
LogPluginManager: Mounting plugin SteamVR
LogPluginManager: Mounting plugin WindowsMoviePlayer
LogInit: Using libcurl 7.47.1
LogInit:  - built for x86_64-pc-win32
LogInit:  - supports SSL with OpenSSL/1.0.2g
LogInit:  - supports HTTP deflate (compression) using libz 1.2.8
LogInit:  - other features:
LogInit:      CURL_VERSION_SSL
LogInit:      CURL_VERSION_LIBZ
LogInit:      CURL_VERSION_IPV6
LogInit:      CURL_VERSION_ASYNCHDNS
LogInit:      CURL_VERSION_LARGEFILE
LogInit:      CURL_VERSION_IDN
LogInit:  CurlRequestOptions (configurable via config and command line):
LogInit:  - bVerifyPeer = false  - Libcurl will NOT verify peer certificate
LogInit:  - bUseHttpProxy = false  - Libcurl will NOT use HTTP proxy
LogInit:  - bDontReuseConnections = false  - Libcurl will reuse connections
LogInit:  - CertBundlePath = nullptr  - Libcurl will use whatever was configured at build time.
LogInit: Build: ++UE4+Release-4.17-CL-3658906
LogInit: Engine Version: 4.17.2-3658906+++UE4+Release-4.17
LogInit: Compatible Engine Version: 4.17.0-3573198+++UE4+Release-4.17
LogInit: Net CL: 3573198
LogDevObjectVersion: Number of dev versions registered: 16
LogDevObjectVersion:   Dev-Blueprints (B0D832E4-1F89-4F0D-ACCF-7EB736FD4AA2): 10
LogDevObjectVersion:   Dev-Build (E1C64328-A22C-4D53-A36C-8E866417BD8C): 0
LogDevObjectVersion:   Dev-Core (375EC13C-06E4-48FB-B500-84F0262A717E): 2
LogDevObjectVersion:   Dev-Editor (E4B068ED-F494-42E9-A231-DA0B2E46BB41): 20
LogDevObjectVersion:   Dev-Framework (CFFC743F-43B0-4480-9391-14DF171D2073): 28
LogDevObjectVersion:   Dev-Mobile (B02B49B5-BB20-44E9-A304-32B752E40360): 0
LogDevObjectVersion:   Dev-Networking (A4E4105C-59A1-49B5-A7C5-40C4547EDFEE): 0
LogDevObjectVersion:   Dev-Online (39C831C9-5AE6-47DC-9A44-9C173E1C8E7C): 0
LogDevObjectVersion:   Dev-Physics (78F01B33-EBEA-4F98-B9B4-84EACCB95AA2): 0
LogDevObjectVersion:   Dev-Platform (6631380F-2D4D-43E0-8009-CF276956A95A): 0
LogDevObjectVersion:   Dev-Rendering (12F88B9F-8875-4AFC-A67C-D90C383ABD29): 19
LogDevObjectVersion:   Dev-Sequencer (7B5AE74C-D270-4C10-A958-57980B212A5A): 4
LogDevObjectVersion:   Dev-VR (D7296918-1DD6-4BDD-9DE2-64A83CC13884): 0
LogDevObjectVersion:   Dev-LoadTimes (C2A15278-BFE7-4AFE-6C17-90FF531DF755): 1
LogDevObjectVersion:   Private-Geometry (6EACA3D4-40EC-4CC1-B786-8BED09428FC5): 1
LogDevObjectVersion:   Dev-AnimPhys (29E575DD-E0A3-4627-9D10-D276232CDCEA): 7
LogInit: Compiled (64-bit): Sep 22 2017 13:47:16
LogInit: Compiled with Visual C++: 19.00.24215.01
LogInit: Build Configuration: Development
LogInit: Branch Name: ++UE4+Release-4.17
LogInit: Command line: -EpicPortal 
LogInit: Base directory: C:/Program Files/Epic Games/UE_4.17/Engine/Binaries/Win64/
LogInit: Installed Engine Build: 1
LogInit: Presizing for max 8388607 objects, including 0 objects not considered by GC, pre-allocating 0 bytes for permanent pool.
LogInit: Object subsystem initialized
[2017.10.22-19.54.52:249][  0]LogInit: Selected Device Profile: [Windows]
[2017.10.22-19.54.52:249][  0]LogInit: Applying CVar settings loaded from the selected device profile: [Windows]
[2017.10.22-19.54.52:265][  0]LogInit: Computer: SEAN-PC
[2017.10.22-19.54.52:265][  0]LogInit: User: AMD
[2017.10.22-19.54.52:265][  0]LogInit: CPU Page size=4096, Cores=4
[2017.10.22-19.54.52:265][  0]LogInit: High frequency timer resolution =3.919475 MHz
[2017.10.22-19.54.52:265][  0]LogMemory: Memory total: Physical=7.9GB (8GB approx)
[2017.10.22-19.54.52:266][  0]LogMemory: Platform Memory Stats for Windows
[2017.10.22-19.54.52:266][  0]LogMemory: Process Physical Memory: 278.69 MB used, 278.69 MB peak
[2017.10.22-19.54.52:266][  0]LogMemory: Process Virtual Memory: 274.57 MB used, 274.57 MB peak
[2017.10.22-19.54.52:266][  0]LogMemory: Physical Memory: 5619.26 MB used,  2470.23 MB free, 8089.49 MB total
[2017.10.22-19.54.52:266][  0]LogMemory: Virtual Memory: 669.21 MB used,  2470.23 MB free, 134217728.00 MB total
[2017.10.22-19.54.52:581][  0]LogInit: Using OS detected language (en-US).
[2017.10.22-19.54.52:581][  0]LogInit: Using OS detected locale (en-US).
[2017.10.22-19.54.52:585][  0]LogTextLocalizationManager: No specific localization for 'en-US' exists, so the 'en' localization will be used.
[2017.10.22-19.54.53:515][  0]LogD3D11RHI: D3D11 adapters:
[2017.10.22-19.54.53:535][  0]LogD3D11RHI:    0. 'AMD Radeon R9 200 / HD 7900 Series' (Feature Level 11_0)
[2017.10.22-19.54.53:535][  0]LogD3D11RHI:       3053/0/4044 MB DedicatedVideo/DedicatedSystem/SharedSystem, Outputs:1, VendorId:0x1002
[2017.10.22-19.54.53:553][  0]LogD3D11RHI:    1. 'AMD Radeon R9 200 / HD 7900 Series' (Feature Level 11_0)
[2017.10.22-19.54.53:553][  0]LogD3D11RHI:       3053/0/4044 MB DedicatedVideo/DedicatedSystem/SharedSystem, Outputs:1, VendorId:0x1002
[2017.10.22-19.54.53:555][  0]LogD3D11RHI:    2. 'Microsoft Basic Render Driver' (Feature Level 11_0)
[2017.10.22-19.54.53:555][  0]LogD3D11RHI:       0/0/4044 MB DedicatedVideo/DedicatedSystem/SharedSystem, Outputs:0, VendorId:0x1414
[2017.10.22-19.54.53:555][  0]LogD3D11RHI: Chosen D3D11 Adapter: 0
[2017.10.22-19.54.53:561][  0]LogD3D11RHI: Creating new Direct3DDevice
[2017.10.22-19.54.53:562][  0]LogD3D11RHI:     GPU DeviceId: 0x6798 (for the marketing name, search the web for "GPU Device Id")
[2017.10.22-19.54.53:562][  0]LogWindows: EnumDisplayDevices:
[2017.10.22-19.54.53:562][  0]LogWindows:    0. 'AMD Radeon R9 200 / HD 7900 Series' (P:0 D:1)
[2017.10.22-19.54.53:562][  0]LogWindows:    1. 'AMD Radeon R9 200 / HD 7900 Series' (P:0 D:0)
[2017.10.22-19.54.53:562][  0]LogWindows:    2. 'AMD Radeon R9 200 / HD 7900 Series' (P:0 D:0)
[2017.10.22-19.54.53:563][  0]LogWindows:    3. 'AMD Radeon R9 200 / HD 7900 Series' (P:0 D:0)
[2017.10.22-19.54.53:563][  0]LogWindows:    4. 'AMD Radeon R9 200 / HD 7900 Series' (P:0 D:0)
[2017.10.22-19.54.53:563][  0]LogWindows:    5. 'AMD Radeon R9 200 / HD 7900 Series' (P:0 D:0)
[2017.10.22-19.54.53:564][  0]LogWindows:    6. 'AMD Radeon R9 200 / HD 7900 Series' (P:1 D:1)
[2017.10.22-19.54.53:564][  0]LogWindows:    7. 'AMD Radeon R9 200 / HD 7900 Series' (P:0 D:0)
[2017.10.22-19.54.53:564][  0]LogWindows:    8. 'AMD Radeon R9 200 / HD 7900 Series' (P:0 D:0)
[2017.10.22-19.54.53:565][  0]LogWindows:    9. 'AMD Radeon R9 200 / HD 7900 Series' (P:0 D:0)
[2017.10.22-19.54.53:565][  0]LogWindows:    10. 'AMD Radeon R9 200 / HD 7900 Series' (P:0 D:0)
[2017.10.22-19.54.53:566][  0]LogWindows:    11. 'AMD Radeon R9 200 / HD 7900 Series' (P:0 D:0)
[2017.10.22-19.54.53:566][  0]LogWindows: DebugString: FoundDriverCount:12 
[2017.10.22-19.54.53:566][  0]LogD3D11RHI:     Adapter Name: AMD Radeon R9 200 / HD 7900 Series
[2017.10.22-19.54.53:566][  0]LogD3D11RHI:   Driver Version: Crimson ReLive 17.1.1 (internal:22.19.162.4, unified:22.19.162.4)
[2017.10.22-19.54.53:566][  0]LogD3D11RHI:      Driver Date: 4-24-2017
[2017.10.22-19.54.53:566][  0]LogRHI: Texture pool is 1361 MB (70% of 1945 MB)
[2017.10.22-19.54.53:906][  0]LogD3D11RHI: Async texture creation enabled
[2017.10.22-19.54.53:922][  0]LogD3D11RHI: GPU Timing Frequency: 27.000000 (Debug: 2 1)
[2017.10.22-19.54.53:924][  0]LogShaderCompilers: Guid format shader working directory is 3 characters bigger than the processId version (D:/Unreal Projects/Virtus_FPS/Virtus_FPS/Intermediate/Shaders/WorkingDirectory/13116/).
[2017.10.22-19.54.53:924][  0]LogShaderCompilers: Cleaned the shader compiler working directory 'C:/Users/AMD/AppData/Local/Temp/UnrealShaderWorkingDir/6E4BDC6D4CF3E0C8FAD892B26D6B0F16/'.
[2017.10.22-19.54.53:924][  0]LogShaderCompilers: Display: Using Local Shader Compiler.
[2017.10.22-19.54.55:377][  0]LogTemp: Display: Loaded TP AllDesktopTargetPlatform
[2017.10.22-19.54.55:463][  0]LogTemp: Display: Loaded TP MacClientTargetPlatform
[2017.10.22-19.54.55:551][  0]LogTemp: Display: Loaded TP MacNoEditorTargetPlatform
[2017.10.22-19.54.55:643][  0]LogTemp: Display: Loaded TP MacServerTargetPlatform
[2017.10.22-19.54.55:732][  0]LogTemp: Display: Loaded TP MacTargetPlatform
[2017.10.22-19.54.55:820][  0]LogTemp: Display: Loaded TP WindowsClientTargetPlatform
[2017.10.22-19.54.55:907][  0]LogTemp: Display: Loaded TP WindowsNoEditorTargetPlatform
[2017.10.22-19.54.55:998][  0]LogTemp: Display: Loaded TP WindowsServerTargetPlatform
[2017.10.22-19.54.56:078][  0]LogTemp: Display: Loaded TP WindowsTargetPlatform
[2017.10.22-19.54.56:167][  0]LogTemp: Display: Loaded TP AndroidTargetPlatform
[2017.10.22-19.54.56:256][  0]LogTemp: Display: Loaded TP Android_ASTCTargetPlatform
[2017.10.22-19.54.56:339][  0]LogTemp: Display: Loaded TP Android_ATCTargetPlatform
[2017.10.22-19.54.56:423][  0]LogTemp: Display: Loaded TP Android_DXTTargetPlatform
[2017.10.22-19.54.56:511][  0]LogTemp: Display: Loaded TP Android_ETC1TargetPlatform
[2017.10.22-19.54.56:598][  0]LogTemp: Display: Loaded TP Android_ETC2TargetPlatform
[2017.10.22-19.54.56:772][  0]LogTemp: Display: Loaded TP Android_MultiTargetPlatform
[2017.10.22-19.54.56:772][  0]LogTemp: Display: Loaded TP Android_PVRTCTargetPlatform
[2017.10.22-19.54.56:840][  0]LogTemp: Display: Loaded TP HTML5TargetPlatform
[2017.10.22-19.54.56:989][  0]LogTemp: Display: Loaded TP IOSTargetPlatform
[2017.10.22-19.54.57:045][  0]LogTemp: Display: Loaded TP TVOSTargetPlatform
[2017.10.22-19.54.57:132][  0]LogTemp: Display: Loaded TP LinuxClientTargetPlatform
[2017.10.22-19.54.57:220][  0]LogTemp: Display: Loaded TP LinuxNoEditorTargetPlatform
[2017.10.22-19.54.57:309][  0]LogTemp: Display: Loaded TP LinuxServerTargetPlatform
[2017.10.22-19.54.57:400][  0]LogTemp: Display: Loaded TP LinuxTargetPlatform
[2017.10.22-19.54.57:400][  0]LogTargetPlatformManager: Display: Building Assets For Windows
[2017.10.22-19.54.58:293][  0]LogDerivedDataCache: Display: Max Cache Size: 512 MB
[2017.10.22-19.54.58:475][  0]LogDerivedDataCache: Loaded boot cache 0.18s 93MB C:/Users/AMD/AppData/Local/UnrealEngine/4.17/DerivedDataCache/Boot.ddc.
[2017.10.22-19.54.58:475][  0]LogDerivedDataCache: Display: Loaded Boot cache: C:/Users/AMD/AppData/Local/UnrealEngine/4.17/DerivedDataCache/Boot.ddc
[2017.10.22-19.54.58:475][  0]LogDerivedDataCache: FDerivedDataBackendGraph:  Pak pak cache file D:/Unreal Projects/Virtus_FPS/Virtus_FPS/DerivedDataCache/DDC.ddp not found, will not use a pak cache.
[2017.10.22-19.54.58:475][  0]LogDerivedDataCache: Unable to find inner node Pak for hierarchical cache Hierarchy.
[2017.10.22-19.54.58:476][  0]LogDerivedDataCache: FDerivedDataBackendGraph:  CompressedPak pak cache file D:/Unreal Projects/Virtus_FPS/Virtus_FPS/DerivedDataCache/Compressed.ddp not found, will not use a pak cache.
[2017.10.22-19.54.58:476][  0]LogDerivedDataCache: Unable to find inner node CompressedPak for hierarchical cache Hierarchy.
[2017.10.22-19.54.58:506][  0]LogDerivedDataCache: Display: Pak cache opened for reading ../../../Engine/DerivedDataCache/Compressed.ddp.
[2017.10.22-19.54.58:518][  0]LogDerivedDataCache: Using Local data cache path C:/Users/AMD/AppData/Local/UnrealEngine/Common/DerivedDataCache: Writable
[2017.10.22-19.54.58:534][  0]LogMaterial: Verifying Global Shaders for PCD3D_SM5
[2017.10.22-19.54.58:535][  0]LogSlate: Using Freetype 2.6.0
[2017.10.22-19.54.58:535][  0]LogSlate: SlateFontCache - WITH_FREETYPE: 1, WITH_HARFBUZZ: 1
[2017.10.22-19.54.58:535][  0]LogSlate: SlateFontCache - WITH_FREETYPE: 1, WITH_HARFBUZZ: 1
[2017.10.22-19.54.58:924][  0]LogAssetRegistry: FAssetRegistry took 0.0285 seconds to start up
[2017.10.22-19.54.59:125][  0]LogInit: Selected Device Profile: [Windows]
[2017.10.22-19.54.59:781][  0]LogSimplygon: Simplygon DLL not present - disabling.
[2017.10.22-19.54.59:852][  0]LogMeshReduction: Using SimplygonSwarm for distributed automatic mesh merging
[2017.10.22-19.54.59:852][  0]LogMeshReduction: Using QuadricMeshReduction for automatic static mesh reduction
[2017.10.22-19.54.59:852][  0]LogMeshReduction: No automatic skeletal mesh reduction module available
[2017.10.22-19.54.59:852][  0]LogMeshReduction: No automatic mesh merging module available
[2017.10.22-19.54.59:852][  0]LogMeshMerging: No automatic mesh merging module available
[2017.10.22-19.54.59:854][  0]LogContentStreaming: Texture pool size is 0.00 MB
[2017.10.22-19.55.00:526][  0]LogNetVersion: Virtus_FPS , NetCL: 3573198, EngineNetVer: 2, GameNetVer: 0 (Checksum: 88762100)
[2017.10.22-19.55.00:839][  0]LogPackageLocalizationCache: Processed 5 localized package path(s) for 2 prioritized culture(s) in 0.054895 seconds
[2017.10.22-19.55.00:847][  0]LogUObjectArray: 35825 objects as part of root set at end of initial load.
[2017.10.22-19.55.00:847][  0]LogUObjectAllocator: 7529104 out of 0 bytes used by permanent object pool.
[2017.10.22-19.55.00:847][  0]LogUObjectArray: CloseDisregardForGC: 0/0 objects in disregard for GC pool
[2017.10.22-19.55.00:960][  0]LogInit: WinSock: version 1.1 (2.2), MaxSocks=32767, MaxUdp=65467
[2017.10.22-19.55.05:039][  0]LogTcpMessaging: Initializing TcpMessaging bridge
[2017.10.22-19.55.05:113][  0]LogUdpMessaging: Initializing bridge on interface 0.0.0.0:0 to multicast group 230.0.0.1:6666.
[2017.10.22-19.55.06:174][  0]LogMaterial: Uniform references updated for custom material expression Custom.
[2017.10.22-19.55.06:838][  0]SourceControl: Source control is disabled
[2017.10.22-19.55.06:838][  0]SourceControl: Source control is disabled
[2017.10.22-19.55.06:929][  0]SourceControl: Source control is disabled
[2017.10.22-19.55.07:017][  0]SourceControl: Source control is disabled
[2017.10.22-19.55.08:069][  0]LogAndroidPermission: UAndroidPermissionCallbackProxy::GetInstance
[2017.10.22-19.55.08:506][  0]LogOcInput: OculusInput pre-init called
[2017.10.22-19.55.08:952][  0]LogEngine: Initializing Engine...
[2017.10.22-19.55.08:954][  0]LogHMD: Failed to initialize OpenVR with code 110
[2017.10.22-19.55.09:313][  0]LogStats: UGameplayTagsManager::ConstructGameplayTagTree: Construct from data asset -  0.000 s
[2017.10.22-19.55.09:313][  0]LogStats: UGameplayTagsManager::ConstructGameplayTagTree: GameplayTagTreeChangedEvent.Broadcast -  0.000 s
[2017.10.22-19.55.09:549][  0]LogAIModule: Creating AISystem for world Untitled
[2017.10.22-19.55.09:596][  0]LogInit: XAudio2 using 'Speakers (Realtek High Definition Audio)' : 2 channels at 48 kHz using 32 bits per sample (channel mask 0x3)
[2017.10.22-19.55.09:633][  0]LogInit: FAudioDevice initialized.
[2017.10.22-19.55.09:778][  0]LogDerivedDataCache: Saved boot cache 0.14s 93MB C:/Users/AMD/AppData/Local/UnrealEngine/4.17/DerivedDataCache/Boot.ddc.
[2017.10.22-19.55.09:824][  0]LogInit: Texture streaming: Enabled
[2017.10.22-19.55.10:038][  0]LogEngineSessionManager: EngineSessionManager initialized
[2017.10.22-19.55.10:430][  0]LogInit: Transaction tracking system initialized
[2017.10.22-19.55.10:993][  0]BlueprintLog: New page: Editor Load
[2017.10.22-19.55.12:676][  0]LocalizationService: Localization service is disabled
[2017.10.22-19.55.13:921][  0]LogConsoleResponse: Display: 
[2017.10.22-19.55.14:192][  0]LogFileCache: Scanning file cache for directory 'D:/Unreal Projects/Virtus_FPS/Virtus_FPS/Content/' took 0.01s
[2017.10.22-19.55.14:193][  0]LogCook: Display: Max memory allowance for cook 16384mb min free memory 0mb
[2017.10.22-19.55.14:193][  0]LogCook: Display: Mobile HDR setting 1
[2017.10.22-19.55.14:193][  0]LogGameplayTags: Display: UGameplayTagsManager::DoneAddingNativeTags. DelegateIsBound: 0
[2017.10.22-19.55.16:098][  0]SourceControl: Source control is disabled
[2017.10.22-19.55.16:098][  0]Cmd: MAP LOAD FILE="../../../Engine/Content/Maps/Templates/Template_Default.umap" TEMPLATE=1 SHOWPROGRESS=1 FEATURELEVEL=3
[2017.10.22-19.55.16:099][  0]LightingResults: New page: Lighting Build
[2017.10.22-19.55.16:174][  0]MapCheck: New page: Map Check
[2017.10.22-19.55.16:174][  0]LightingResults: New page: Lighting Build
[2017.10.22-19.55.16:459][  0]LogAIModule: Creating AISystem for world Untitled_1
[2017.10.22-19.55.16:466][  0]LogEditorServer: Finished looking for orphan Actors (0.000 secs)
[2017.10.22-19.55.16:511][  0]Cmd: MAP CHECKDEP NOCLEARLOG
[2017.10.22-19.55.16:584][  0]MapCheck: Map check complete: 0 Error(s), 0 Warning(s), took 73.749ms to complete.
[2017.10.22-19.55.16:584][  0]LogFileHelpers: Loading map 'Template_Default' took 0.487
[2017.10.22-19.55.16:656][  0]LogWindowsTextInputMethodSystem: Display: IME system now deactivated.
[2017.10.22-19.55.16:889][  0]LogCollectionManager: Loaded 0 collections in 0.002381 seconds
[2017.10.22-19.55.17:034][  0]LogFileCache: Scanning file cache for directory 'D:/Unreal Projects/Virtus_FPS/Virtus_FPS/Saved/Collections/' took 0.01s
[2017.10.22-19.55.17:034][  0]LogFileCache: Scanning file cache for directory 'D:/Unreal Projects/Virtus_FPS/Virtus_FPS/Content/Developers/AMD/Collections/' took 0.01s
[2017.10.22-19.55.17:035][  0]LogFileCache: Scanning file cache for directory 'D:/Unreal Projects/Virtus_FPS/Virtus_FPS/Content/Collections/' took 0.01s
[2017.10.22-19.55.17:035][  0]LogCollectionManager: Rebuilt the GUID cache for 0 collections in 0.000001 seconds
[2017.10.22-19.55.17:054][  0]LogContentBrowser: Native class hierarchy populated in 0.0172 seconds. Added 2386 classes and 500 folders.
[2017.10.22-19.55.17:177][  0]LogContentBrowser: Native class hierarchy updated for 'WidgetCarousel' in 0.0008 seconds. Added 0 classes and 0 folders.
[2017.10.22-19.55.17:616][  0]LogContentBrowser: Native class hierarchy updated for 'AddContentDialog' in 0.0008 seconds. Added 0 classes and 0 folders.
[2017.10.22-19.55.17:699][  0]LogContentBrowser: Native class hierarchy updated for 'SceneOutliner' in 0.0008 seconds. Added 1 classes and 2 folders.
[2017.10.22-19.55.17:951][  0]LogSlate: Took 0.000338 seconds to synchronously load lazily loaded font '../../../Engine/Content/Slate/Fonts/Roboto-Regular.ttf' (155K)
[2017.10.22-19.55.17:954][  0]LogSlate: Took 0.000316 seconds to synchronously load lazily loaded font '../../../Engine/Content/Slate/Fonts/Roboto-Bold.ttf' (160K)
[2017.10.22-19.55.17:970][  0]LogSlate: Took 0.006165 seconds to synchronously load lazily loaded font '../../../Engine/Content/Editor/Slate/Fonts/FontAwesome.ttf' (139K)
[2017.10.22-19.55.18:161][  0]LogRenderer: Reallocating scene render targets to support 1256x796 Format 10 NumSamples 1 (Frame:1).
[2017.10.22-19.55.18:525][  0]LogContentBrowser: Native class hierarchy updated for 'HierarchicalLODOutliner' in 0.0009 seconds. Added 1 classes and 2 folders.
[2017.10.22-19.55.18:525][  0]LogLoad: (Engine Initialization) Total time: 28.72 seconds
[2017.10.22-19.55.18:526][  0]LogLoad: (Engine Initialization) Total Blueprint compile time: 0.00 seconds
[2017.10.22-19.55.18:526][  0]LogExternalProfiler: Found external profiler: VSPerf
[2017.10.22-19.55.18:526][  0]LogExternalProfiler: Using external profiler: VSPerf
[2017.10.22-19.55.18:569][  0]LogContentStreaming: Texture pool size now 1000 MB
[2017.10.22-19.55.18:638][  1]LogAssetRegistry: Asset discovery search completed in 19.7365 seconds
[2017.10.22-19.55.18:640][  1]LogCollectionManager: Rebuilt the object cache for 0 collections in 0.000001 seconds (found 0 objects)
[2017.10.22-19.55.18:640][  1]LogCollectionManager: Fixed up redirectors for 0 collections in 0.000044 seconds (updated 0 objects)
[2017.10.22-19.55.20:478][205]LogTemp: Repeating last play command: Selected Viewport
[2017.10.22-19.55.20:498][205]LogPlayLevel: PlayLevel: No blueprints needed recompiling
[2017.10.22-19.55.20:507][205]PIE: New page: PIE session: Untitled_1 (Oct 22, 2017, 11:55:20 PM)
[2017.10.22-19.55.20:507][205]LogPlayLevel: Creating play world package: /Temp/UEDPIE_0_Untitled_1
[2017.10.22-19.55.20:512][205]LogPlayLevel: PIE: StaticDuplicateObject took: (0.004223s)
[2017.10.22-19.55.20:513][205]LogAIModule: Creating AISystem for world Untitled_1
[2017.10.22-19.55.20:513][205]LogPlayLevel: PIE: World Init took: (0.001276s)
[2017.10.22-19.55.20:514][205]LogPlayLevel: PIE: Created PIE world by copying editor world from /Temp/Untitled_1.Untitled_1 to /Temp/UEDPIE_0_Untitled_1.Untitled_1 (0.006983s)
[2017.10.22-19.55.20:601][205]LogInit: XAudio2 using 'Speakers (Realtek High Definition Audio)' : 2 channels at 48 kHz using 32 bits per sample (channel mask 0x3)
[2017.10.22-19.55.20:618][205]LogInit: FAudioDevice initialized.
[2017.10.22-19.55.20:670][205]LogLoad: Game class is 'GameModeBase'
[2017.10.22-19.55.20:686][205]LogWorld: Bringing World /Temp/UEDPIE_0_Untitled_1.Untitled_1 up for play (max tick rate 0) at 2017.10.22-21.55.20
[2017.10.22-19.55.20:689][205]LogWorld: Bringing up level for play took: 0.003782
[2017.10.22-19.55.20:776][205]LogContentBrowser: Native class hierarchy updated for 'MovieSceneCapture' in 0.0009 seconds. Added 11 classes and 0 folders.
[2017.10.22-19.55.20:783][205]PIE: Play in editor start time for /Temp/UEDPIE_0_Untitled_1 1.035
[2017.10.22-19.57.29:687][310]LogSlate: Took 0.000273 seconds to synchronously load lazily loaded font '../../../Engine/Content/Slate/Fonts/Roboto-Light.ttf' (159K)
[2017.10.22-19.57.49:237][310]LogWindows: LaunchURL http://docs.unrealengine.com/latest/INT/Gameplay/Framework/Controller/PlayerController/index.html?utm_source=editor&utm_medium=docs&utm_campaign=doc_anchors
[2017.10.22-19.58.26:356][557]LogMetaData: Removing '/Game/Characters/BP_Soldier.BP_Soldier:UserConstructionScript.K2Node_FunctionEntry_0' ref from Metadata '/Game/Characters/Soldier.PackageMetaData'
[2017.10.22-19.58.26:357][557]LogMetaData: Removing '/Game/Characters/BP_Soldier.SKEL_BP_Soldier_C' ref from Metadata '/Game/Characters/Soldier.PackageMetaData'
[2017.10.22-19.58.26:357][557]LogMetaData: Removing '/Game/Characters/BP_Soldier.BP_Soldier_C' ref from Metadata '/Game/Characters/Soldier.PackageMetaData'
[2017.10.22-19.58.26:357][557]LogMetaData: Removing '/Game/Characters/BP_Soldier.BP_Soldier:EventGraph.K2Node_Event_0' ref from Metadata '/Game/Characters/Soldier.PackageMetaData'
[2017.10.22-19.58.26:357][557]LogMetaData: Removing '/Game/Characters/BP_Soldier.BP_Soldier:EventGraph.K2Node_Event_1' ref from Metadata '/Game/Characters/Soldier.PackageMetaData'
[2017.10.22-19.58.26:357][557]LogMetaData: Removing '/Game/Characters/BP_Soldier.BP_Soldier:EventGraph.K2Node_Event_2' ref from Metadata '/Game/Characters/Soldier.PackageMetaData'
[2017.10.22-19.58.26:394][557]Cmd: OBJ SAVEPACKAGE PACKAGE="/Game/Characters/BP_Soldier" FILE="D:/Unreal Projects/Virtus_FPS/Virtus_FPS/Content/Characters/BP_Soldier.uasset" SILENT=true
[2017.10.22-19.58.26:439][557]LogSavePackage: Save=39.78ms
[2017.10.22-19.58.26:439][557]LogSavePackage: Moving 'D:/Unreal Projects/Virtus_FPS/Virtus_FPS/Saved/BP_Soldier466AF2F544A9A5AED5D2A5B340A0F22C.tmp' to 'D:/Unreal Projects/Virtus_FPS/Virtus_FPS/Content/Characters/BP_Soldier.uasset'
[2017.10.22-19.58.26:444][557]LogSavePackage: Display: Finished SavePackage D:/Unreal Projects/Virtus_FPS/Virtus_FPS/Content/Characters/BP_Soldier.uasset
[2017.10.22-19.58.28:292][665]LogContentBrowser: Native class hierarchy updated for 'BlueprintGraph' in 0.0014 seconds. Added 113 classes and 0 folders.
[2017.10.22-19.58.29:305][665]LogSlate: Took 0.000219 seconds to synchronously load lazily loaded font '../../../Engine/Content/Slate/Fonts/Roboto-Regular.ttf' (155K)
[2017.10.22-19.58.43:504][609]LogSlate: Took 0.006596 seconds to synchronously load lazily loaded font '../../../Engine/Content/Editor/Slate/Fonts/Roboto-Italic.ttf' (157K)
[2017.10.22-19.58.45:454][743]LogTemp: Repeating last play command: Selected Viewport
[2017.10.22-19.58.45:482][743]LogPlayLevel: PlayLevel: No blueprints needed recompiling
[2017.10.22-19.58.45:482][743]PIE: New page: PIE session: Untitled_1 (Oct 22, 2017, 11:58:45 PM)
[2017.10.22-19.58.45:482][743]LogPlayLevel: Creating play world package: /Temp/UEDPIE_0_Untitled_1
[2017.10.22-19.58.45:484][743]LogPlayLevel: PIE: StaticDuplicateObject took: (0.002116s)
[2017.10.22-19.58.45:486][743]LogAIModule: Creating AISystem for world Untitled_1
[2017.10.22-19.58.45:486][743]LogPlayLevel: PIE: World Init took: (0.001833s)
[2017.10.22-19.58.45:486][743]LogPlayLevel: PIE: Created PIE world by copying editor world from /Temp/Untitled_1.Untitled_1 to /Temp/UEDPIE_0_Untitled_1.Untitled_1 (0.004368s)
[2017.10.22-19.58.45:574][743]LogInit: XAudio2 using 'Speakers (Realtek High Definition Audio)' : 2 channels at 48 kHz using 32 bits per sample (channel mask 0x3)
[2017.10.22-19.58.45:588][743]LogInit: FAudioDevice initialized.
[2017.10.22-19.58.45:627][743]LogLoad: Game class is 'GameModeBase'
[2017.10.22-19.58.45:629][743]LogWorld: Bringing World /Temp/UEDPIE_0_Untitled_1.Untitled_1 up for play (max tick rate 0) at 2017.10.22-21.58.45
[2017.10.22-19.58.45:629][743]LogWorld: Bringing up level for play took: 0.001305
[2017.10.22-19.58.45:631][743]PIE: Play in editor start time for /Temp/UEDPIE_0_Untitled_1 -0.118
[2017.10.22-19.58.51:068][210]LogEditorViewport: Clicking on Actor (LMB): StaticMeshActor (Floor)
[2017.10.22-19.58.52:700][372]LogSlate: Warning: Prevented a slow task dialog from being summoned while a context menu was open
[2017.10.22-19.59.12:931][477]LogSlate: Took 0.000290 seconds to synchronously load lazily loaded font '../../../Engine/Content/Slate/Fonts/Roboto-Light.ttf' (159K)
[2017.10.22-19.59.36:774][826]Cmd: OBJ SAVEPACKAGE PACKAGE="/Game/Maps/Map_01" FILE="D:/Unreal Projects/Virtus_FPS/Virtus_FPS/Content/Maps/Map_01.umap" SILENT=true AUTOSAVING=false KEEPDIRTY=false
[2017.10.22-19.59.36:863][826]LogSavePackage: Save=33.41ms
[2017.10.22-19.59.36:863][826]LogSavePackage: Moving 'D:/Unreal Projects/Virtus_FPS/Virtus_FPS/Saved/Map_01017944804B7D4D4AA95936B1E8332727.tmp' to 'D:/Unreal Projects/Virtus_FPS/Virtus_FPS/Content/Maps/Map_01.umap'
[2017.10.22-19.59.36:865][826]LogSavePackage: Display: Finished SavePackage D:/Unreal Projects/Virtus_FPS/Virtus_FPS/Content/Maps/Map_01.umap
[2017.10.22-19.59.36:897][826]Cmd: OBJ SAVEPACKAGE PACKAGE="/Game/Maps/Map_01_BuiltData" FILE="D:/Unreal Projects/Virtus_FPS/Virtus_FPS/Content/Maps/Map_01_BuiltData.uasset" SILENT=true
[2017.10.22-19.59.36:916][826]LogSavePackage: Save=15.41ms
[2017.10.22-19.59.36:916][826]LogSavePackage: Moving 'D:/Unreal Projects/Virtus_FPS/Virtus_FPS/Saved/Map_01_BuiltData65D3D61D4F8C83B871CD08963AA98C51.tmp' to 'D:/Unreal Projects/Virtus_FPS/Virtus_FPS/Content/Maps/Map_01_BuiltData.uasset'
[2017.10.22-19.59.36:916][826]LogSavePackage: Display: Finished SavePackage D:/Unreal Projects/Virtus_FPS/Virtus_FPS/Content/Maps/Map_01_BuiltData.uasset
[2017.10.22-19.59.36:919][826]LogFileHelpers: Saving map 'Map_01' took 0.771
[2017.10.22-19.59.36:921][826]Cmd: MAP LOAD FILE="D:/Unreal Projects/Virtus_FPS/Virtus_FPS/Content/Maps/Map_01.umap" TEMPLATE=0 SHOWPROGRESS=1 FEATURELEVEL=3
[2017.10.22-19.59.36:937][826]LightingResults: New page: Lighting Build
[2017.10.22-19.59.36:939][826]LoadErrors: New page: Loading map: Map_01.umap
[2017.10.22-19.59.36:945][826]MapCheck: New page: Map Check
[2017.10.22-19.59.36:945][826]LightingResults: New page: Lighting Build
[2017.10.22-19.59.37:071][826]LogAIModule: Creating AISystem for world Map_01
[2017.10.22-19.59.37:197][826]LogEditorServer: Finished looking for orphan Actors (0.000 secs)
[2017.10.22-19.59.37:289][826]Cmd: MAP CHECKDEP NOCLEARLOG
[2017.10.22-19.59.37:376][826]MapCheck: Map check complete: 0 Error(s), 0 Warning(s), took 86.665ms to complete.
[2017.10.22-19.59.37:376][826]LogFileHelpers: Loading map 'Map_01' took 0.457
[2017.10.22-19.59.53:074][505]LogUObjectGlobals: Warning: Failed to find object 'Class None.None'
[2017.10.22-20.00.01:319][904]LogSlate: Warning: Prevented a slow task dialog from being summoned while a context menu was open
[2017.10.22-20.00.06:832][508]LogTemp: Repeating last play command: Selected Viewport
[2017.10.22-20.00.06:850][508]LogPlayLevel: PlayLevel: No blueprints needed recompiling
[2017.10.22-20.00.06:851][508]PIE: New page: PIE session: Map_01 (Oct 23, 2017, 12:00:06 AM)
[2017.10.22-20.00.06:851][508]LogPlayLevel: Creating play world package: /Game/Maps/UEDPIE_0_Map_01
[2017.10.22-20.00.06:853][508]LogPlayLevel: PIE: StaticDuplicateObject took: (0.002107s)
[2017.10.22-20.00.06:854][508]LogAIModule: Creating AISystem for world Map_01
[2017.10.22-20.00.06:854][508]LogPlayLevel: PIE: World Init took: (0.001175s)
[2017.10.22-20.00.06:854][508]LogPlayLevel: PIE: Created PIE world by copying editor world from /Game/Maps/Map_01.Map_01 to /Game/Maps/UEDPIE_0_Map_01.Map_01 (0.003557s)
[2017.10.22-20.00.06:947][508]LogInit: XAudio2 using 'Speakers (Realtek High Definition Audio)' : 2 channels at 48 kHz using 32 bits per sample (channel mask 0x3)
[2017.10.22-20.00.06:960][508]LogInit: FAudioDevice initialized.
[2017.10.22-20.00.06:994][508]LogLoad: Game class is 'NewGameMode_C'
[2017.10.22-20.00.06:995][508]LogWorld: Bringing World /Game/Maps/UEDPIE_0_Map_01.Map_01 up for play (max tick rate 0) at 2017.10.22-22.00.06
[2017.10.22-20.00.06:996][508]LogWorld: Bringing up level for play took: 0.000993
[2017.10.22-20.00.07:001][508]PIE: Play in editor start time for /Game/Maps/UEDPIE_0_Map_01 -0.748
[2017.10.22-20.00.23:517][102]Cmd: OBJ SAVEPACKAGE PACKAGE="/Game/Logic/NewGameMode" FILE="D:/Unreal Projects/Virtus_FPS/Virtus_FPS/Content/Logic/NewGameMode.uasset" SILENT=true
[2017.10.22-20.00.23:545][102]LogSavePackage: Save=22.80ms
[2017.10.22-20.00.23:545][102]LogSavePackage: Moving 'D:/Unreal Projects/Virtus_FPS/Virtus_FPS/Saved/NewGameModeC048198B4084548C7985DCA471761682.tmp' to 'D:/Unreal Projects/Virtus_FPS/Virtus_FPS/Content/Logic/NewGameMode.uasset'
[2017.10.22-20.00.23:547][102]LogSavePackage: Display: Finished SavePackage D:/Unreal Projects/Virtus_FPS/Virtus_FPS/Content/Logic/NewGameMode.uasset
[2017.10.22-20.00.23:623][102]Cmd: OBJ SAVEPACKAGE PACKAGE="/Game/Maps/Map_01" FILE="D:/Unreal Projects/Virtus_FPS/Virtus_FPS/Saved/Autosaves/Game/Maps/UEDPCMap_01.umap" SILENT=true AUTOSAVING=true KEEPDIRTY=true
[2017.10.22-20.00.23:664][102]LogSavePackage: Save=32.56ms
[2017.10.22-20.00.23:664][102]LogSavePackage: Moving 'D:/Unreal Projects/Virtus_FPS/Virtus_FPS/Saved/UEDPCMap_01CE7440964E629B5F78164199A9BA69E4.tmp' to 'D:/Unreal Projects/Virtus_FPS/Virtus_FPS/Saved/Autosaves/Game/Maps/UEDPCMap_01.umap'
[2017.10.22-20.00.23:665][102]LogSavePackage: Display: Finished SavePackage D:/Unreal Projects/Virtus_FPS/Virtus_FPS/Saved/Autosaves/Game/Maps/UEDPCMap_01.umap
[2017.10.22-20.00.23:670][102]LogEditorTransaction: Undo Spawn Play From Here Start
[2017.10.22-20.00.53:878][142]LogPlayLevel: PlayLevel: No blueprints needed recompiling
[2017.10.22-20.00.53:879][142]PIE: New page: PIE session: Map_01 (Oct 23, 2017, 12:00:53 AM)
[2017.10.22-20.00.53:879][142]LogPlayLevel: Creating play world package: /Game/Maps/UEDPIE_0_Map_01
[2017.10.22-20.00.53:881][142]LogPlayLevel: PIE: StaticDuplicateObject took: (0.002554s)
[2017.10.22-20.00.53:882][142]LogAIModule: Creating AISystem for world Map_01
[2017.10.22-20.00.53:882][142]LogPlayLevel: PIE: World Init took: (0.001199s)
[2017.10.22-20.00.53:882][142]LogPlayLevel: PIE: Created PIE world by copying editor world from /Game/Maps/Map_01.Map_01 to /Game/Maps/UEDPIE_0_Map_01.Map_01 (0.004078s)
[2017.10.22-20.00.53:976][142]LogInit: XAudio2 using 'Speakers (Realtek High Definition Audio)' : 2 channels at 48 kHz using 32 bits per sample (channel mask 0x3)
[2017.10.22-20.00.53:990][142]LogInit: FAudioDevice initialized.
[2017.10.22-20.00.54:022][142]LogLoad: Game class is 'NewGameMode_C'
[2017.10.22-20.00.54:024][142]LogWorld: Bringing World /Game/Maps/UEDPIE_0_Map_01.Map_01 up for play (max tick rate 0) at 2017.10.22-22.00.54
[2017.10.22-20.00.54:024][142]LogWorld: Bringing up level for play took: 0.001194
[2017.10.22-20.00.54:025][142]PIE: Play in editor start time for /Game/Maps/UEDPIE_0_Map_01 0.277
[2017.10.22-20.01.05:066][354]LogEditorViewport: Clicking on Actor (LMB): PlayerStart (Player Start)
[2017.10.22-20.01.21:192][820]LogSlate: Took 0.006658 seconds to synchronously load lazily loaded font '../../../Engine/Content/Editor/Slate/Fonts/Roboto-BoldCondensed.ttf' (158K)
[2017.10.22-20.01.32:731][277]LogTemp: Executing iPhonePackager certificates Engine -bundlename com.YourCompany.VirtusFPS
[2017.10.22-20.01.32:731][277]LogTemp: CWD: C:\Program Files\Epic Games\UE_4.17\Engine\Binaries\DotNET\IOS
[2017.10.22-20.01.32:731][277]LogTemp: Initial Dir: C:\Program Files\Epic Games\UE_4.17
[2017.10.22-20.01.32:731][277]LogTemp: Env CWD: C:\Program Files\Epic Games\UE_4.17\Engine\Binaries\DotNET\IOS
[2017.10.22-20.01.32:731][277]LogTemp: BranchPath = SEAN-PC/C/Program Files/Epic Games/UE_4.17/Engine/Binaries --- GameBranchPath = SEAN-PC/C/Program Files/Epic Games/UE_4.17/Engine/Binaries
[2017.10.22-20.01.32:783][278]LogTemp: IPP ERROR: Could not find provision directory 'C:\Users\AMD\AppData\Local/Apple Computer/MobileDevice/Provisioning Profiles/'.
[2017.10.22-20.02.41:718][323]Cmd: OBJ SAVEPACKAGE PACKAGE="/Game/Maps/Map_01" FILE="D:/Unreal Projects/Virtus_FPS/Virtus_FPS/Content/Maps/Map_01.umap" SILENT=true AUTOSAVING=false KEEPDIRTY=false
[2017.10.22-20.02.41:821][323]LogSavePackage: Save=34.13ms
[2017.10.22-20.02.41:821][323]LogSavePackage: Moving 'D:/Unreal Projects/Virtus_FPS/Virtus_FPS/Saved/Map_01DF64B8EB48FA9EEB0C3083A3BFA24F4E.tmp' to 'D:/Unreal Projects/Virtus_FPS/Virtus_FPS/Content/Maps/Map_01.umap'
[2017.10.22-20.02.41:823][323]LogSavePackage: Display: Finished SavePackage D:/Unreal Projects/Virtus_FPS/Virtus_FPS/Content/Maps/Map_01.umap
[2017.10.22-20.02.41:844][323]LogFileHelpers: Saving map 'Map_01' took 0.212
[2017.10.22-20.11.56:362][284]BlueprintLog: New page: Compile BP_Soldier
[2017.10.22-20.11.58:441][377]LogTemp: Repeating last play command: Selected Viewport
[2017.10.22-20.11.58:471][377]LogPlayLevel: PlayLevel: No blueprints needed recompiling
[2017.10.22-20.11.58:471][377]PIE: New page: PIE session: Map_01 (Oct 23, 2017, 12:11:58 AM)
[2017.10.22-20.11.58:471][377]LogPlayLevel: Creating play world package: /Game/Maps/UEDPIE_0_Map_01
[2017.10.22-20.11.58:473][377]LogPlayLevel: PIE: StaticDuplicateObject took: (0.002326s)
[2017.10.22-20.11.58:475][377]LogAIModule: Creating AISystem for world Map_01
[2017.10.22-20.11.58:475][377]LogPlayLevel: PIE: World Init took: (0.001582s)
[2017.10.22-20.11.58:475][377]LogPlayLevel: PIE: Created PIE world by copying editor world from /Game/Maps/Map_01.Map_01 to /Game/Maps/UEDPIE_0_Map_01.Map_01 (0.004216s)
[2017.10.22-20.11.58:563][377]LogInit: XAudio2 using 'Speakers (Realtek High Definition Audio)' : 2 channels at 48 kHz using 32 bits per sample (channel mask 0x3)
[2017.10.22-20.11.58:578][377]LogInit: FAudioDevice initialized.
[2017.10.22-20.11.58:608][377]LogLoad: Game class is 'NewGameMode_C'
[2017.10.22-20.11.58:610][377]LogWorld: Bringing World /Game/Maps/UEDPIE_0_Map_01.Map_01 up for play (max tick rate 0) at 2017.10.22-22.11.58
[2017.10.22-20.11.58:610][377]LogWorld: Bringing up level for play took: 0.001162
[2017.10.22-20.11.58:612][377]PIE: Play in editor start time for /Game/Maps/UEDPIE_0_Map_01 0.864
[2017.10.22-20.12.42:249][687]LogEditorTransaction: Undo Split Struct Pin
[2017.10.22-20.12.42:281][687]LogSlate: Took 0.000393 seconds to synchronously load lazily loaded font '../../../Engine/Content/Slate/Fonts/Roboto-Light.ttf' (159K)
[2017.10.22-20.13.36:760][430]BlueprintLog: New page: Compile BP_Soldier
[2017.10.22-20.13.37:907][475]LogTemp: Repeating last play command: Selected Viewport
[2017.10.22-20.13.37:931][475]LogPlayLevel: PlayLevel: No blueprints needed recompiling
[2017.10.22-20.13.37:931][475]PIE: New page: PIE session: Map_01 (Oct 23, 2017, 12:13:37 AM)
[2017.10.22-20.13.37:931][475]LogPlayLevel: Creating play world package: /Game/Maps/UEDPIE_0_Map_01
[2017.10.22-20.13.37:933][475]LogPlayLevel: PIE: StaticDuplicateObject took: (0.002232s)
[2017.10.22-20.13.37:935][475]LogAIModule: Creating AISystem for world Map_01
[2017.10.22-20.13.37:935][475]LogPlayLevel: PIE: World Init took: (0.001457s)
[2017.10.22-20.13.37:935][475]LogPlayLevel: PIE: Created PIE world by copying editor world from /Game/Maps/Map_01.Map_01 to /Game/Maps/UEDPIE_0_Map_01.Map_01 (0.004030s)
[2017.10.22-20.13.38:039][475]LogInit: XAudio2 using 'Speakers (Realtek High Definition Audio)' : 2 channels at 48 kHz using 32 bits per sample (channel mask 0x3)
[2017.10.22-20.13.38:054][475]LogInit: FAudioDevice initialized.
[2017.10.22-20.13.38:090][475]LogLoad: Game class is 'NewGameMode_C'
[2017.10.22-20.13.38:092][475]LogWorld: Bringing World /Game/Maps/UEDPIE_0_Map_01.Map_01 up for play (max tick rate 0) at 2017.10.22-22.13.38
[2017.10.22-20.13.38:092][475]LogWorld: Bringing up level for play took: 0.001036
[2017.10.22-20.13.38:093][475]PIE: Play in editor start time for /Game/Maps/UEDPIE_0_Map_01 0.345
[2017.10.22-20.13.50:152][ 57]LogTemp: Executing iPhonePackager certificates Engine -bundlename com.YourCompany.VirtusFPS
[2017.10.22-20.13.50:152][ 57]LogTemp: CWD: C:\Program Files\Epic Games\UE_4.17\Engine\Binaries\DotNET\IOS
[2017.10.22-20.13.50:152][ 57]LogTemp: Initial Dir: C:\Program Files\Epic Games\UE_4.17
[2017.10.22-20.13.50:152][ 57]LogTemp: Env CWD: C:\Program Files\Epic Games\UE_4.17\Engine\Binaries\DotNET\IOS
[2017.10.22-20.13.50:152][ 57]LogTemp: BranchPath = SEAN-PC/C/Program Files/Epic Games/UE_4.17/Engine/Binaries --- GameBranchPath = SEAN-PC/C/Program Files/Epic Games/UE_4.17/Engine/Binaries
[2017.10.22-20.13.50:152][ 57]LogTemp: IPP ERROR: Could not find provision directory 'C:\Users\AMD\AppData\Local/Apple Computer/MobileDevice/Provisioning Profiles/'.
[2017.10.22-20.14.24:520][620]LogTemp: Repeating last play command: Selected Viewport
[2017.10.22-20.14.24:541][620]LogPlayLevel: PlayLevel: No blueprints needed recompiling
[2017.10.22-20.14.24:541][620]PIE: New page: PIE session: Map_01 (Oct 23, 2017, 12:14:24 AM)
[2017.10.22-20.14.24:541][620]LogPlayLevel: Creating play world package: /Game/Maps/UEDPIE_0_Map_01
[2017.10.22-20.14.24:544][620]LogPlayLevel: PIE: StaticDuplicateObject took: (0.002753s)
[2017.10.22-20.14.24:546][620]LogAIModule: Creating AISystem for world Map_01
[2017.10.22-20.14.24:546][620]LogPlayLevel: PIE: World Init took: (0.001510s)
[2017.10.22-20.14.24:546][620]LogPlayLevel: PIE: Created PIE world by copying editor world from /Game/Maps/Map_01.Map_01 to /Game/Maps/UEDPIE_0_Map_01.Map_01 (0.004550s)
[2017.10.22-20.14.24:632][620]LogInit: XAudio2 using 'Speakers (Realtek High Definition Audio)' : 2 channels at 48 kHz using 32 bits per sample (channel mask 0x3)
[2017.10.22-20.14.24:648][620]LogInit: FAudioDevice initialized.
[2017.10.22-20.14.24:679][620]LogLoad: Game class is 'NewGameMode_C'
[2017.10.22-20.14.24:681][620]LogWorld: Bringing World /Game/Maps/UEDPIE_0_Map_01.Map_01 up for play (max tick rate 0) at 2017.10.22-22.14.24
[2017.10.22-20.14.24:681][620]LogWorld: Bringing up level for play took: 0.001196
[2017.10.22-20.14.24:683][620]PIE: Play in editor start time for /Game/Maps/UEDPIE_0_Map_01 0.934
[2017.10.22-20.14.42:156][350]BlueprintLog: New page: Compile BP_Soldier
[2017.10.22-20.14.42:170][350]LogBlueprint: Warning: [Compiler BP_Soldier] Input Axis Event references unknown Axis 'Input_Bwd' for  InputAxis Input_Bwd
[2017.10.22-20.14.42:416][350]LogBlueprint: Warning: [Compiler BP_Soldier] [1192.61] Compile of BP_Soldier successful, but with 1 Warning(s) [in 259 ms] (/Game/Characters/BP_Soldier.BP_Soldier)
[2017.10.22-20.14.43:989][420]LogTemp: Repeating last play command: Selected Viewport
[2017.10.22-20.14.44:012][420]LogPlayLevel: PlayLevel: No blueprints needed recompiling
[2017.10.22-20.14.44:012][420]PIE: New page: PIE session: Map_01 (Oct 23, 2017, 12:14:44 AM)
[2017.10.22-20.14.44:012][420]LogPlayLevel: Creating play world package: /Game/Maps/UEDPIE_0_Map_01
[2017.10.22-20.14.44:015][420]LogPlayLevel: PIE: StaticDuplicateObject took: (0.002681s)
[2017.10.22-20.14.44:016][420]LogAIModule: Creating AISystem for world Map_01
[2017.10.22-20.14.44:016][420]LogPlayLevel: PIE: World Init took: (0.001158s)
[2017.10.22-20.14.44:016][420]LogPlayLevel: PIE: Created PIE world by copying editor world from /Game/Maps/Map_01.Map_01 to /Game/Maps/UEDPIE_0_Map_01.Map_01 (0.004179s)
[2017.10.22-20.14.44:106][420]LogInit: XAudio2 using 'Speakers (Realtek High Definition Audio)' : 2 channels at 48 kHz using 32 bits per sample (channel mask 0x3)
[2017.10.22-20.14.44:120][420]LogInit: FAudioDevice initialized.
[2017.10.22-20.14.44:152][420]LogLoad: Game class is 'NewGameMode_C'
[2017.10.22-20.14.44:154][420]LogWorld: Bringing World /Game/Maps/UEDPIE_0_Map_01.Map_01 up for play (max tick rate 0) at 2017.10.22-22.14.44
[2017.10.22-20.14.44:154][420]LogWorld: Bringing up level for play took: 0.001233
[2017.10.22-20.14.44:156][420]PIE: Play in editor start time for /Game/Maps/UEDPIE_0_Map_01 0.408
[2017.10.22-20.15.46:812][721]BlueprintLog: New page: Compile BP_Soldier
[2017.10.22-20.15.46:825][721]LogBlueprint: Warning: [Compiler BP_Soldier] Input Axis Event references unknown Axis 'Input_Bwd' for  InputAxis Input_Bwd
[2017.10.22-20.15.47:089][721]LogBlueprint: Warning: [Compiler BP_Soldier] [1257.29] Compile of BP_Soldier successful, but with 1 Warning(s) [in 277 ms] (/Game/Characters/BP_Soldier.BP_Soldier)
[2017.10.22-20.15.48:684][775]LogTemp: Repeating last play command: Selected Viewport
[2017.10.22-20.15.48:705][775]LogPlayLevel: PlayLevel: No blueprints needed recompiling
[2017.10.22-20.15.48:705][775]PIE: New page: PIE session: Map_01 (Oct 23, 2017, 12:15:48 AM)
[2017.10.22-20.15.48:705][775]LogPlayLevel: Creating play world package: /Game/Maps/UEDPIE_0_Map_01
[2017.10.22-20.15.48:707][775]LogPlayLevel: PIE: StaticDuplicateObject took: (0.002079s)
[2017.10.22-20.15.48:708][775]LogAIModule: Creating AISystem for world Map_01
[2017.10.22-20.15.48:708][775]LogPlayLevel: PIE: World Init took: (0.001398s)
[2017.10.22-20.15.48:709][775]LogPlayLevel: PIE: Created PIE world by copying editor world from /Game/Maps/Map_01.Map_01 to /Game/Maps/UEDPIE_0_Map_01.Map_01 (0.003795s)
[2017.10.22-20.15.48:801][775]LogInit: XAudio2 using 'Speakers (Realtek High Definition Audio)' : 2 channels at 48 kHz using 32 bits per sample (channel mask 0x3)
[2017.10.22-20.15.48:817][775]LogInit: FAudioDevice initialized.
[2017.10.22-20.15.48:852][775]LogLoad: Game class is 'NewGameMode_C'
[2017.10.22-20.15.48:854][775]LogWorld: Bringing World /Game/Maps/UEDPIE_0_Map_01.Map_01 up for play (max tick rate 0) at 2017.10.22-22.15.48
[2017.10.22-20.15.48:854][775]LogWorld: Bringing up level for play took: 0.001287
[2017.10.22-20.15.48:856][775]PIE: Play in editor start time for /Game/Maps/UEDPIE_0_Map_01 1.107
[2017.10.22-20.16.07:805][555]BlueprintLog: New page: Compile BP_Soldier
[2017.10.22-20.16.08:901][588]LogTemp: Repeating last play command: Selected Viewport
[2017.10.22-20.16.08:922][588]LogPlayLevel: PlayLevel: No blueprints needed recompiling
[2017.10.22-20.16.08:922][588]PIE: New page: PIE session: Map_01 (Oct 23, 2017, 12:16:08 AM)
[2017.10.22-20.16.08:922][588]LogPlayLevel: Creating play world package: /Game/Maps/UEDPIE_0_Map_01
[2017.10.22-20.16.08:925][588]LogPlayLevel: PIE: StaticDuplicateObject took: (0.002115s)
[2017.10.22-20.16.08:926][588]LogAIModule: Creating AISystem for world Map_01
[2017.10.22-20.16.08:926][588]LogPlayLevel: PIE: World Init took: (0.001105s)
[2017.10.22-20.16.08:926][588]LogPlayLevel: PIE: Created PIE world by copying editor world from /Game/Maps/Map_01.Map_01 to /Game/Maps/UEDPIE_0_Map_01.Map_01 (0.003497s)
[2017.10.22-20.16.09:022][588]LogInit: XAudio2 using 'Speakers (Realtek High Definition Audio)' : 2 channels at 48 kHz using 32 bits per sample (channel mask 0x3)
[2017.10.22-20.16.09:036][588]LogInit: FAudioDevice initialized.
[2017.10.22-20.16.09:072][588]LogLoad: Game class is 'NewGameMode_C'
[2017.10.22-20.16.09:074][588]LogWorld: Bringing World /Game/Maps/UEDPIE_0_Map_01.Map_01 up for play (max tick rate 0) at 2017.10.22-22.16.09
[2017.10.22-20.16.09:074][588]LogWorld: Bringing up level for play took: 0.001149
[2017.10.22-20.16.09:075][588]PIE: Play in editor start time for /Game/Maps/UEDPIE_0_Map_01 -0.673
[2017.10.22-20.16.32:910][593]BlueprintLog: New page: Compile BP_Soldier
[2017.10.22-20.16.34:207][636]LogTemp: Repeating last play command: Selected Viewport
[2017.10.22-20.16.34:228][636]LogPlayLevel: PlayLevel: No blueprints needed recompiling
[2017.10.22-20.16.34:228][636]PIE: New page: PIE session: Map_01 (Oct 23, 2017, 12:16:34 AM)
[2017.10.22-20.16.34:228][636]LogPlayLevel: Creating play world package: /Game/Maps/UEDPIE_0_Map_01
[2017.10.22-20.16.34:231][636]LogPlayLevel: PIE: StaticDuplicateObject took: (0.002746s)
[2017.10.22-20.16.34:232][636]LogAIModule: Creating AISystem for world Map_01
[2017.10.22-20.16.34:232][636]LogPlayLevel: PIE: World Init took: (0.001131s)
[2017.10.22-20.16.34:232][636]LogPlayLevel: PIE: Created PIE world by copying editor world from /Game/Maps/Map_01.Map_01 to /Game/Maps/UEDPIE_0_Map_01.Map_01 (0.004171s)
[2017.10.22-20.16.34:332][636]LogInit: XAudio2 using 'Speakers (Realtek High Definition Audio)' : 2 channels at 48 kHz using 32 bits per sample (channel mask 0x3)
[2017.10.22-20.16.34:346][636]LogInit: FAudioDevice initialized.
[2017.10.22-20.16.34:381][636]LogLoad: Game class is 'NewGameMode_C'
[2017.10.22-20.16.34:383][636]LogWorld: Bringing World /Game/Maps/UEDPIE_0_Map_01.Map_01 up for play (max tick rate 0) at 2017.10.22-22.16.34
[2017.10.22-20.16.34:383][636]LogWorld: Bringing up level for play took: 0.001091
[2017.10.22-20.16.34:384][636]PIE: Play in editor start time for /Game/Maps/UEDPIE_0_Map_01 0.636
[2017.10.22-20.18.03:927][ 87]BlueprintLog: New page: Compile BP_Soldier
[2017.10.22-20.18.05:117][126]LogTemp: Repeating last play command: Selected Viewport
[2017.10.22-20.18.05:139][126]LogPlayLevel: PlayLevel: No blueprints needed recompiling
[2017.10.22-20.18.05:140][126]PIE: New page: PIE session: Map_01 (Oct 23, 2017, 12:18:05 AM)
[2017.10.22-20.18.05:140][126]LogPlayLevel: Creating play world package: /Game/Maps/UEDPIE_0_Map_01
[2017.10.22-20.18.05:142][126]LogPlayLevel: PIE: StaticDuplicateObject took: (0.002185s)
[2017.10.22-20.18.05:143][126]LogAIModule: Creating AISystem for world Map_01
[2017.10.22-20.18.05:143][126]LogPlayLevel: PIE: World Init took: (0.001020s)
[2017.10.22-20.18.05:143][126]LogPlayLevel: PIE: Created PIE world by copying editor world from /Game/Maps/Map_01.Map_01 to /Game/Maps/UEDPIE_0_Map_01.Map_01 (0.003498s)
[2017.10.22-20.18.05:239][126]LogInit: XAudio2 using 'Speakers (Realtek High Definition Audio)' : 2 channels at 48 kHz using 32 bits per sample (channel mask 0x3)
[2017.10.22-20.18.05:252][126]LogInit: FAudioDevice initialized.
[2017.10.22-20.18.05:284][126]LogLoad: Game class is 'NewGameMode_C'
[2017.10.22-20.18.05:286][126]LogWorld: Bringing World /Game/Maps/UEDPIE_0_Map_01.Map_01 up for play (max tick rate 0) at 2017.10.22-22.18.05
[2017.10.22-20.18.05:286][126]LogWorld: Bringing up level for play took: 0.001188
[2017.10.22-20.18.05:288][126]PIE: Play in editor start time for /Game/Maps/UEDPIE_0_Map_01 -0.461
[2017.10.22-20.18.27:536][ 89]LogTemp: Repeating last play command: Selected Viewport
[2017.10.22-20.18.27:558][ 89]LogPlayLevel: PlayLevel: No blueprints needed recompiling
[2017.10.22-20.18.27:558][ 89]PIE: New page: PIE session: Map_01 (Oct 23, 2017, 12:18:27 AM)
[2017.10.22-20.18.27:558][ 89]LogPlayLevel: Creating play world package: /Game/Maps/UEDPIE_0_Map_01
[2017.10.22-20.18.27:560][ 89]LogPlayLevel: PIE: StaticDuplicateObject took: (0.002419s)
[2017.10.22-20.18.27:561][ 89]LogAIModule: Creating AISystem for world Map_01
[2017.10.22-20.18.27:562][ 89]LogPlayLevel: PIE: World Init took: (0.001263s)
[2017.10.22-20.18.27:562][ 89]LogPlayLevel: PIE: Created PIE world by copying editor world from /Game/Maps/Map_01.Map_01 to /Game/Maps/UEDPIE_0_Map_01.Map_01 (0.004058s)
[2017.10.22-20.18.27:690][ 89]LogInit: XAudio2 using 'Speakers (Realtek High Definition Audio)' : 2 channels at 48 kHz using 32 bits per sample (channel mask 0x3)
[2017.10.22-20.18.27:703][ 89]LogInit: FAudioDevice initialized.
[2017.10.22-20.18.27:744][ 89]LogLoad: Game class is 'NewGameMode_C'
[2017.10.22-20.18.27:746][ 89]LogWorld: Bringing World /Game/Maps/UEDPIE_0_Map_01.Map_01 up for play (max tick rate 0) at 2017.10.22-22.18.27
[2017.10.22-20.18.27:746][ 89]LogWorld: Bringing up level for play took: 0.001161
[2017.10.22-20.18.27:748][ 89]PIE: Play in editor start time for /Game/Maps/UEDPIE_0_Map_01 -0.001
[2017.10.22-20.18.33:497][316]LogTemp: Repeating last play command: Selected Viewport
[2017.10.22-20.18.33:518][316]LogPlayLevel: PlayLevel: No blueprints needed recompiling
[2017.10.22-20.18.33:518][316]PIE: New page: PIE session: Map_01 (Oct 23, 2017, 12:18:33 AM)
[2017.10.22-20.18.33:518][316]LogPlayLevel: Creating play world package: /Game/Maps/UEDPIE_0_Map_01
[2017.10.22-20.18.33:520][316]LogPlayLevel: PIE: StaticDuplicateObject took: (0.002292s)
[2017.10.22-20.18.33:521][316]LogAIModule: Creating AISystem for world Map_01
[2017.10.22-20.18.33:522][316]LogPlayLevel: PIE: World Init took: (0.001461s)
[2017.10.22-20.18.33:522][316]LogPlayLevel: PIE: Created PIE world by copying editor world from /Game/Maps/Map_01.Map_01 to /Game/Maps/UEDPIE_0_Map_01.Map_01 (0.004145s)
[2017.10.22-20.18.33:643][316]LogInit: XAudio2 using 'Speakers (Realtek High Definition Audio)' : 2 channels at 48 kHz using 32 bits per sample (channel mask 0x3)
[2017.10.22-20.18.33:657][316]LogInit: FAudioDevice initialized.
[2017.10.22-20.18.33:688][316]LogLoad: Game class is 'NewGameMode_C'
[2017.10.22-20.18.33:690][316]LogWorld: Bringing World /Game/Maps/UEDPIE_0_Map_01.Map_01 up for play (max tick rate 0) at 2017.10.22-22.18.33
[2017.10.22-20.18.33:690][316]LogWorld: Bringing up level for play took: 0.001151
[2017.10.22-20.18.33:691][316]PIE: Play in editor start time for /Game/Maps/UEDPIE_0_Map_01 -0.057
[2017.10.22-20.19.19:293][243]BlueprintLog: New page: Compile BP_Soldier
[2017.10.22-20.19.21:810][338]LogTemp: Repeating last play command: Selected Viewport
[2017.10.22-20.19.21:831][338]LogPlayLevel: PlayLevel: No blueprints needed recompiling
[2017.10.22-20.19.21:831][338]PIE: New page: PIE session: Map_01 (Oct 23, 2017, 12:19:21 AM)
[2017.10.22-20.19.21:831][338]LogPlayLevel: Creating play world package: /Game/Maps/UEDPIE_0_Map_01
[2017.10.22-20.19.21:833][338]LogPlayLevel: PIE: StaticDuplicateObject took: (0.002192s)
[2017.10.22-20.19.21:834][338]LogAIModule: Creating AISystem for world Map_01
[2017.10.22-20.19.21:834][338]LogPlayLevel: PIE: World Init took: (0.001068s)
[2017.10.22-20.19.21:834][338]LogPlayLevel: PIE: Created PIE world by copying editor world from /Game/Maps/Map_01.Map_01 to /Game/Maps/UEDPIE_0_Map_01.Map_01 (0.003544s)
[2017.10.22-20.19.21:925][338]LogInit: XAudio2 using 'Speakers (Realtek High Definition Audio)' : 2 channels at 48 kHz using 32 bits per sample (channel mask 0x3)
[2017.10.22-20.19.21:940][338]LogInit: FAudioDevice initialized.
[2017.10.22-20.19.21:973][338]LogLoad: Game class is 'NewGameMode_C'
[2017.10.22-20.19.21:975][338]LogWorld: Bringing World /Game/Maps/UEDPIE_0_Map_01.Map_01 up for play (max tick rate 0) at 2017.10.22-22.19.21
[2017.10.22-20.19.21:975][338]LogWorld: Bringing up level for play took: 0.001034
[2017.10.22-20.19.21:977][338]PIE: Play in editor start time for /Game/Maps/UEDPIE_0_Map_01 0.229
[2017.10.22-20.19.56:642][688]LogTemp: Repeating last play command: Selected Viewport
[2017.10.22-20.19.56:664][688]LogPlayLevel: PlayLevel: No blueprints needed recompiling
[2017.10.22-20.19.56:665][688]PIE: New page: PIE session: Map_01 (Oct 23, 2017, 12:19:56 AM)
[2017.10.22-20.19.56:665][688]LogPlayLevel: Creating play world package: /Game/Maps/UEDPIE_0_Map_01
[2017.10.22-20.19.56:668][688]LogPlayLevel: PIE: StaticDuplicateObject took: (0.002732s)
[2017.10.22-20.19.56:669][688]LogAIModule: Creating AISystem for world Map_01
[2017.10.22-20.19.56:669][688]LogPlayLevel: PIE: World Init took: (0.001476s)
[2017.10.22-20.19.56:669][688]LogPlayLevel: PIE: Created PIE world by copying editor world from /Game/Maps/Map_01.Map_01 to /Game/Maps/UEDPIE_0_Map_01.Map_01 (0.004615s)
[2017.10.22-20.19.56:793][688]LogInit: XAudio2 using 'Speakers (Realtek High Definition Audio)' : 2 channels at 48 kHz using 32 bits per sample (channel mask 0x3)
[2017.10.22-20.19.56:807][688]LogInit: FAudioDevice initialized.
[2017.10.22-20.19.56:846][688]LogLoad: Game class is 'NewGameMode_C'
[2017.10.22-20.19.56:848][688]LogWorld: Bringing World /Game/Maps/UEDPIE_0_Map_01.Map_01 up for play (max tick rate 0) at 2017.10.22-22.19.56
[2017.10.22-20.19.56:848][688]LogWorld: Bringing up level for play took: 0.001172
[2017.10.22-20.19.56:850][688]PIE: Play in editor start time for /Game/Maps/UEDPIE_0_Map_01 1.101
[2017.10.22-20.20.29:397][ 40]LogTemp: Repeating last play command: Selected Viewport
[2017.10.22-20.20.29:419][ 40]LogPlayLevel: PlayLevel: No blueprints needed recompiling
[2017.10.22-20.20.29:419][ 40]PIE: New page: PIE session: Map_01 (Oct 23, 2017, 12:20:29 AM)
[2017.10.22-20.20.29:419][ 40]LogPlayLevel: Creating play world package: /Game/Maps/UEDPIE_0_Map_01
[2017.10.22-20.20.29:422][ 40]LogPlayLevel: PIE: StaticDuplicateObject took: (0.002372s)
[2017.10.22-20.20.29:423][ 40]LogAIModule: Creating AISystem for world Map_01
[2017.10.22-20.20.29:424][ 40]LogPlayLevel: PIE: World Init took: (0.001819s)
[2017.10.22-20.20.29:424][ 40]LogPlayLevel: PIE: Created PIE world by copying editor world from /Game/Maps/Map_01.Map_01 to /Game/Maps/UEDPIE_0_Map_01.Map_01 (0.004565s)
[2017.10.22-20.20.29:511][ 40]LogInit: XAudio2 using 'Speakers (Realtek High Definition Audio)' : 2 channels at 48 kHz using 32 bits per sample (channel mask 0x3)
[2017.10.22-20.20.29:525][ 40]LogInit: FAudioDevice initialized.
[2017.10.22-20.20.29:556][ 40]LogLoad: Game class is 'NewGameMode_C'
[2017.10.22-20.20.29:558][ 40]LogWorld: Bringing World /Game/Maps/UEDPIE_0_Map_01.Map_01 up for play (max tick rate 0) at 2017.10.22-22.20.29
[2017.10.22-20.20.29:558][ 40]LogWorld: Bringing up level for play took: 0.001141
[2017.10.22-20.20.29:560][ 40]PIE: Play in editor start time for /Game/Maps/UEDPIE_0_Map_01 -0.189
[2017.10.22-20.21.05:649][642]LogFileHelpers: Editor autosave (incl. sublevels) for '/Game/Maps/Map_01' took 0.042
[2017.10.22-20.21.05:653][642]OBJ SavePackage: Generating thumbnails for [0] asset(s) in package [/Game/Characters/BP_Soldier] ([1] browsable assets)...
[2017.10.22-20.21.05:653][642]OBJ SavePackage: Finished generating thumbnails for package [/Game/Characters/BP_Soldier]
[2017.10.22-20.21.05:653][642]Cmd: OBJ SAVEPACKAGE PACKAGE="/Game/Characters/BP_Soldier" FILE="D:/Unreal Projects/Virtus_FPS/Virtus_FPS/Saved/Autosaves/Game/Characters/BP_Soldier_Auto1.uasset" SILENT=false AUTOSAVING=true
[2017.10.22-20.21.05:725][642]LogSavePackage: Save=61.25ms
[2017.10.22-20.21.05:725][642]LogSavePackage: Moving 'D:/Unreal Projects/Virtus_FPS/Virtus_FPS/Saved/BP_Soldier_Auto1ECB187DC4ACB9DF8326626A39BCC94B2.tmp' to 'D:/Unreal Projects/Virtus_FPS/Virtus_FPS/Saved/Autosaves/Game/Characters/BP_Soldier_Auto1.uasset'
[2017.10.22-20.21.05:726][642]LogSavePackage: Display: Finished SavePackage D:/Unreal Projects/Virtus_FPS/Virtus_FPS/Saved/Autosaves/Game/Characters/BP_Soldier_Auto1.uasset
[2017.10.22-20.21.05:726][642]LogFileHelpers: Auto-saving content packages took 0.075
[2017.10.22-20.26.52:049][978]BlueprintLog: New page: Compile BP_Soldier
[2017.10.22-20.26.54:327][ 82]LogTemp: Repeating last play command: Selected Viewport
[2017.10.22-20.26.54:350][ 82]LogPlayLevel: PlayLevel: No blueprints needed recompiling
[2017.10.22-20.26.54:350][ 82]PIE: New page: PIE session: Map_01 (Oct 23, 2017, 12:26:54 AM)
[2017.10.22-20.26.54:350][ 82]LogPlayLevel: Creating play world package: /Game/Maps/UEDPIE_0_Map_01
[2017.10.22-20.26.54:352][ 82]LogPlayLevel: PIE: StaticDuplicateObject took: (0.002259s)
[2017.10.22-20.26.54:353][ 82]LogAIModule: Creating AISystem for world Map_01
[2017.10.22-20.26.54:353][ 82]LogPlayLevel: PIE: World Init took: (0.001150s)
[2017.10.22-20.26.54:354][ 82]LogPlayLevel: PIE: Created PIE world by copying editor world from /Game/Maps/Map_01.Map_01 to /Game/Maps/UEDPIE_0_Map_01.Map_01 (0.003759s)
[2017.10.22-20.26.54:441][ 82]LogInit: XAudio2 using 'Speakers (Realtek High Definition Audio)' : 2 channels at 48 kHz using 32 bits per sample (channel mask 0x3)
[2017.10.22-20.26.54:455][ 82]LogInit: FAudioDevice initialized.
[2017.10.22-20.26.54:490][ 82]LogLoad: Game class is 'NewGameMode_C'
[2017.10.22-20.26.54:492][ 82]LogWorld: Bringing World /Game/Maps/UEDPIE_0_Map_01.Map_01 up for play (max tick rate 0) at 2017.10.22-22.26.54
[2017.10.22-20.26.54:492][ 82]LogWorld: Bringing up level for play took: 0.001129
[2017.10.22-20.26.54:493][ 82]PIE: Play in editor start time for /Game/Maps/UEDPIE_0_Map_01 0.745
[2017.10.22-20.27.27:804][742]LogEditorViewport: Clicking on Actor (LMB): BP_Sky_Sphere_C (Sky Sphere)
[2017.10.22-20.28.30:602][847]BlueprintLog: New page: Compile BP_Soldier
[2017.10.22-20.28.34:843][ 36]Cmd: OBJ SAVEPACKAGE PACKAGE="/Game/Characters/BP_Soldier" FILE="D:/Unreal Projects/Virtus_FPS/Virtus_FPS/Content/Characters/BP_Soldier.uasset" SILENT=true
[2017.10.22-20.28.34:931][ 36]LogSavePackage: Save=71.93ms
[2017.10.22-20.28.34:931][ 36]LogSavePackage: Moving 'D:/Unreal Projects/Virtus_FPS/Virtus_FPS/Saved/BP_Soldier7959668B4F887C3E334705A8FFC8CC8A.tmp' to 'D:/Unreal Projects/Virtus_FPS/Virtus_FPS/Content/Characters/BP_Soldier.uasset'
[2017.10.22-20.28.34:933][ 36]LogSavePackage: Display: Finished SavePackage D:/Unreal Projects/Virtus_FPS/Virtus_FPS/Content/Characters/BP_Soldier.uasset
[2017.10.22-20.28.38:354][206]LogTemp: Repeating last play command: Selected Viewport
[2017.10.22-20.28.38:378][206]LogPlayLevel: PlayLevel: No blueprints needed recompiling
[2017.10.22-20.28.38:378][206]PIE: New page: PIE session: Map_01 (Oct 23, 2017, 12:28:38 AM)
[2017.10.22-20.28.38:378][206]LogPlayLevel: Creating play world package: /Game/Maps/UEDPIE_0_Map_01
[2017.10.22-20.28.38:380][206]LogPlayLevel: PIE: StaticDuplicateObject took: (0.002340s)
[2017.10.22-20.28.38:381][206]LogAIModule: Creating AISystem for world Map_01
[2017.10.22-20.28.38:381][206]LogPlayLevel: PIE: World Init took: (0.000994s)
[2017.10.22-20.28.38:381][206]LogPlayLevel: PIE: Created PIE world by copying editor world from /Game/Maps/Map_01.Map_01 to /Game/Maps/UEDPIE_0_Map_01.Map_01 (0.003603s)
[2017.10.22-20.28.38:473][206]LogInit: XAudio2 using 'Speakers (Realtek High Definition Audio)' : 2 channels at 48 kHz using 32 bits per sample (channel mask 0x3)
[2017.10.22-20.28.38:487][206]LogInit: FAudioDevice initialized.
[2017.10.22-20.28.38:519][206]LogLoad: Game class is 'NewGameMode_C'
[2017.10.22-20.28.38:520][206]LogWorld: Bringing World /Game/Maps/UEDPIE_0_Map_01.Map_01 up for play (max tick rate 0) at 2017.10.22-22.28.38
[2017.10.22-20.28.38:521][206]LogWorld: Bringing up level for play took: 0.001085
[2017.10.22-20.28.38:522][206]PIE: Play in editor start time for /Game/Maps/UEDPIE_0_Map_01 0.774
[2017.10.22-20.28.39:635][234]LogScript: Warning: Runaway loop detected (over 1,000,000 iterations) - see log for stack trace
	BP_Soldier_C /Game/Maps/UEDPIE_0_Map_01.Map_01:PersistentLevel.BP_Soldier_C_0
	Function /Game/Characters/BP_Soldier.BP_Soldier_C:ExecuteUbergraph_BP_Soldier:001C
[2017.10.22-20.28.39:636][234]PIE: Error: Infinite Loop detected in  BP_Soldier , asserted during  Jump with the following  Call Stack
[2017.10.22-20.28.41:143][306]LogEditorViewport: Clicking on Actor (LMB): BP_Sky_Sphere_C (Sky Sphere)
[2017.10.22-20.28.42:707][376]LogTemp: Repeating last play command: Selected Viewport
[2017.10.22-20.28.42:729][376]LogPlayLevel: PlayLevel: No blueprints needed recompiling
[2017.10.22-20.28.42:730][376]PIE: New page: PIE session: Map_01 (Oct 23, 2017, 12:28:42 AM)
[2017.10.22-20.28.42:730][376]LogPlayLevel: Creating play world package: /Game/Maps/UEDPIE_0_Map_01
[2017.10.22-20.28.42:732][376]LogPlayLevel: PIE: StaticDuplicateObject took: (0.002153s)
[2017.10.22-20.28.42:733][376]LogAIModule: Creating AISystem for world Map_01
[2017.10.22-20.28.42:733][376]LogPlayLevel: PIE: World Init took: (0.000943s)
[2017.10.22-20.28.42:733][376]LogPlayLevel: PIE: Created PIE world by copying editor world from /Game/Maps/Map_01.Map_01 to /Game/Maps/UEDPIE_0_Map_01.Map_01 (0.003391s)
[2017.10.22-20.28.42:825][376]LogInit: XAudio2 using 'Speakers (Realtek High Definition Audio)' : 2 channels at 48 kHz using 32 bits per sample (channel mask 0x3)
[2017.10.22-20.28.42:838][376]LogInit: FAudioDevice initialized.
[2017.10.22-20.28.42:873][376]LogLoad: Game class is 'NewGameMode_C'
[2017.10.22-20.28.42:875][376]LogWorld: Bringing World /Game/Maps/UEDPIE_0_Map_01.Map_01 up for play (max tick rate 0) at 2017.10.22-22.28.42
[2017.10.22-20.28.42:875][376]LogWorld: Bringing up level for play took: 0.001123
[2017.10.22-20.28.42:876][376]PIE: Play in editor start time for /Game/Maps/UEDPIE_0_Map_01 1.128
[2017.10.22-20.28.47:512][587]LogScript: Warning: Runaway loop detected (over 1,000,000 iterations) - see log for stack trace
	BP_Soldier_C /Game/Maps/UEDPIE_0_Map_01.Map_01:PersistentLevel.BP_Soldier_C_0
	Function /Game/Characters/BP_Soldier.BP_Soldier_C:ExecuteUbergraph_BP_Soldier:001C
[2017.10.22-20.28.47:513][587]PIE: Error: Infinite Loop detected in  BP_Soldier , asserted during  Jump with the following  Call Stack
[2017.10.22-20.28.56:310][ 33]LogEditorViewport: Clicking on Actor (LMB): BP_Sky_Sphere_C (Sky Sphere)
[2017.10.22-20.28.56:364][ 34]Cmd: SELECT NONE
[2017.10.22-20.28.57:050][ 68]Cmd: SELECT NONE
[2017.10.22-20.28.57:500][ 88]LogEditorViewport: Clicking on Actor (LMB): BP_Sky_Sphere_C (Sky Sphere)
[2017.10.22-20.28.57:608][ 90]Cmd: SELECT NONE
[2017.10.22-20.29.39:584][221]BlueprintLog: New page: Compile BP_Soldier
[2017.10.22-20.29.41:260][297]LogTemp: Repeating last play command: Selected Viewport
[2017.10.22-20.29.41:288][297]LogPlayLevel: PlayLevel: No blueprints needed recompiling
[2017.10.22-20.29.41:288][297]PIE: New page: PIE session: Map_01 (Oct 23, 2017, 12:29:41 AM)
[2017.10.22-20.29.41:288][297]LogPlayLevel: Creating play world package: /Game/Maps/UEDPIE_0_Map_01
[2017.10.22-20.29.41:290][297]LogPlayLevel: PIE: StaticDuplicateObject took: (0.002261s)
[2017.10.22-20.29.41:291][297]LogAIModule: Creating AISystem for world Map_01
[2017.10.22-20.29.41:291][297]LogPlayLevel: PIE: World Init took: (0.001046s)
[2017.10.22-20.29.41:292][297]LogPlayLevel: PIE: Created PIE world by copying editor world from /Game/Maps/Map_01.Map_01 to /Game/Maps/UEDPIE_0_Map_01.Map_01 (0.003608s)
[2017.10.22-20.29.41:380][297]LogInit: XAudio2 using 'Speakers (Realtek High Definition Audio)' : 2 channels at 48 kHz using 32 bits per sample (channel mask 0x3)
[2017.10.22-20.29.41:394][297]LogInit: FAudioDevice initialized.
[2017.10.22-20.29.41:424][297]LogLoad: Game class is 'NewGameMode_C'
[2017.10.22-20.29.41:425][297]LogWorld: Bringing World /Game/Maps/UEDPIE_0_Map_01.Map_01 up for play (max tick rate 0) at 2017.10.22-22.29.41
[2017.10.22-20.29.41:426][297]LogWorld: Bringing up level for play took: 0.001098
[2017.10.22-20.29.41:427][297]PIE: Play in editor start time for /Game/Maps/UEDPIE_0_Map_01 -0.322
[2017.10.22-20.29.42:823][372]LogBlueprintUserMessages: [BP_Soldier_C_0] Hello
[2017.10.22-20.29.58:629][218]Cmd: OBJ SAVEPACKAGE PACKAGE="/Game/Characters/BP_Soldier" FILE="D:/Unreal Projects/Virtus_FPS/Virtus_FPS/Content/Characters/BP_Soldier.uasset" SILENT=true
[2017.10.22-20.29.58:701][218]LogSavePackage: Save=69.06ms
[2017.10.22-20.29.58:701][218]LogSavePackage: Moving 'D:/Unreal Projects/Virtus_FPS/Virtus_FPS/Saved/BP_Soldier7BAA97FB49E6D58130530BAC67FEB791.tmp' to 'D:/Unreal Projects/Virtus_FPS/Virtus_FPS/Content/Characters/BP_Soldier.uasset'
[2017.10.22-20.29.58:704][218]LogSavePackage: Display: Finished SavePackage D:/Unreal Projects/Virtus_FPS/Virtus_FPS/Content/Characters/BP_Soldier.uasset
